<?xml version="1.0" encoding="UTF-8" ?>
<testsuite tests="823" failures="0" name="com.semantalytics.stardog.kibble.string.StringTestSuite" time="2.601" errors="0" skipped="0">
  <properties>
    <property name="java.runtime.name" value="OpenJDK Runtime Environment"/>
    <property name="sun.boot.library.path" value="/home/zcw100/.sdkman/candidates/java/8.0.242.hs-adpt/jre/lib/amd64"/>
    <property name="java.vm.version" value="25.242-b08"/>
    <property name="java.vm.vendor" value="AdoptOpenJDK"/>
    <property name="maven.multiModuleProjectDirectory" value="/home/zcw100/git/kibbles-string"/>
    <property name="java.vendor.url" value="http://java.oracle.com/"/>
    <property name="path.separator" value=":"/>
    <property name="guice.disable.misplaced.annotation.check" value="true"/>
    <property name="java.vm.name" value="OpenJDK 64-Bit Server VM"/>
    <property name="file.encoding.pkg" value="sun.io"/>
    <property name="user.country" value="US"/>
    <property name="sun.java.launcher" value="SUN_STANDARD"/>
    <property name="sun.os.patch.level" value="unknown"/>
    <property name="java.vm.specification.name" value="Java Virtual Machine Specification"/>
    <property name="user.dir" value="/home/zcw100/git/kibbles-string"/>
    <property name="java.runtime.version" value="1.8.0_242-b08"/>
    <property name="java.awt.graphicsenv" value="sun.awt.X11GraphicsEnvironment"/>
    <property name="java.endorsed.dirs" value="/home/zcw100/.sdkman/candidates/java/8.0.242.hs-adpt/jre/lib/endorsed"/>
    <property name="os.arch" value="amd64"/>
    <property name="java.io.tmpdir" value="/tmp"/>
    <property name="line.separator" value="
"/>
    <property name="java.vm.specification.vendor" value="Oracle Corporation"/>
    <property name="os.name" value="Linux"/>
    <property name="classworlds.conf" value="/home/zcw100/.sdkman/candidates/maven/current/bin/m2.conf"/>
    <property name="sun.jnu.encoding" value="UTF-8"/>
    <property name="java.library.path" value="/usr/java/packages/lib/amd64:/usr/lib64:/lib64:/lib:/usr/lib"/>
    <property name="maven.conf" value="/home/zcw100/.sdkman/candidates/maven/current/conf"/>
    <property name="java.specification.name" value="Java Platform API Specification"/>
    <property name="java.class.version" value="52.0"/>
    <property name="sun.management.compiler" value="HotSpot 64-Bit Tiered Compilers"/>
    <property name="os.version" value="3.10.0-1062.12.1.el7.x86_64"/>
    <property name="library.jansi.path" value="/home/zcw100/.sdkman/candidates/maven/current/lib/jansi-native"/>
    <property name="user.home" value="/home/zcw100"/>
    <property name="user.timezone" value="America/New_York"/>
    <property name="java.awt.printerjob" value="sun.print.PSPrinterJob"/>
    <property name="java.specification.version" value="1.8"/>
    <property name="file.encoding" value="UTF-8"/>
    <property name="user.name" value="zcw100"/>
    <property name="java.class.path" value="/home/zcw100/.sdkman/candidates/maven/current/boot/plexus-classworlds-2.6.0.jar"/>
    <property name="java.vm.specification.version" value="1.8"/>
    <property name="sun.arch.data.model" value="64"/>
    <property name="java.home" value="/home/zcw100/.sdkman/candidates/java/8.0.242.hs-adpt/jre"/>
    <property name="sun.java.command" value="org.codehaus.plexus.classworlds.launcher.Launcher package"/>
    <property name="java.specification.vendor" value="Oracle Corporation"/>
    <property name="user.language" value="en"/>
    <property name="awt.toolkit" value="sun.awt.X11.XToolkit"/>
    <property name="java.vm.info" value="mixed mode"/>
    <property name="java.version" value="1.8.0_242"/>
    <property name="java.ext.dirs" value="/home/zcw100/.sdkman/candidates/java/8.0.242.hs-adpt/jre/lib/ext:/usr/java/packages/lib/ext"/>
    <property name="securerandom.source" value="file:/dev/./urandom"/>
    <property name="sun.boot.class.path" value="/home/zcw100/.sdkman/candidates/java/8.0.242.hs-adpt/jre/lib/resources.jar:/home/zcw100/.sdkman/candidates/java/8.0.242.hs-adpt/jre/lib/rt.jar:/home/zcw100/.sdkman/candidates/java/8.0.242.hs-adpt/jre/lib/sunrsasign.jar:/home/zcw100/.sdkman/candidates/java/8.0.242.hs-adpt/jre/lib/jsse.jar:/home/zcw100/.sdkman/candidates/java/8.0.242.hs-adpt/jre/lib/jce.jar:/home/zcw100/.sdkman/candidates/java/8.0.242.hs-adpt/jre/lib/charsets.jar:/home/zcw100/.sdkman/candidates/java/8.0.242.hs-adpt/jre/lib/jfr.jar:/home/zcw100/.sdkman/candidates/java/8.0.242.hs-adpt/jre/classes"/>
    <property name="java.vendor" value="AdoptOpenJDK"/>
    <property name="maven.home" value="/home/zcw100/.sdkman/candidates/maven/current"/>
    <property name="file.separator" value="/"/>
    <property name="java.vendor.url.bug" value="http://bugreport.sun.com/bugreport/"/>
    <property name="sun.cpu.endian" value="little"/>
    <property name="sun.io.unicode.encoding" value="UnicodeLittle"/>
    <property name="sun.desktop" value="gnome"/>
    <property name="sun.cpu.isalist" value=""/>
  </properties>
  <testcase classname="com.semantalytics.stardog.kibble.string.TestAbbreviate" name="testWrongTypeFirstArg" time="0.139"/>
  <testcase classname="com.semantalytics.stardog.kibble.string.TestAbbreviate" name="testTooManyArgs" time="0.007"/>
  <testcase classname="com.semantalytics.stardog.kibble.string.TestAbbreviate" name="testWrongTypeSecondArg" time="0.007"/>
  <testcase classname="com.semantalytics.stardog.kibble.string.TestAbbreviate" name="testAbbreviateWithOffset" time="0.015"/>
  <testcase classname="com.semantalytics.stardog.kibble.string.TestAbbreviate" name="testWrongTypeThirdArg" time="0.005"/>
  <testcase classname="com.semantalytics.stardog.kibble.string.TestAbbreviate" name="testLengthTooShort" time="0.005"/>
  <testcase classname="com.semantalytics.stardog.kibble.string.TestAbbreviate" name="testTooFewArgs" time="0.007"/>
  <testcase classname="com.semantalytics.stardog.kibble.string.TestAbbreviate" name="testEmptyString" time="0.005"/>
  <testcase classname="com.semantalytics.stardog.kibble.string.TestAbbreviate" name="testAbbreviate" time="0.007"/>
  <testcase classname="com.semantalytics.stardog.kibble.string.TestAbbreviateMiddle" name="testWrongTypeFirstArg" time="0.015"/>
  <testcase classname="com.semantalytics.stardog.kibble.string.TestAbbreviateMiddle" name="testTooManyArgs" time="0.007"/>
  <testcase classname="com.semantalytics.stardog.kibble.string.TestAbbreviateMiddle" name="testAbbreviateMiddle" time="0.005"/>
  <testcase classname="com.semantalytics.stardog.kibble.string.TestAbbreviateMiddle" name="testWrongTypeSecondArg" time="0.004"/>
  <testcase classname="com.semantalytics.stardog.kibble.string.TestAbbreviateMiddle" name="testLengthTooShort" time="0.004"/>
  <testcase classname="com.semantalytics.stardog.kibble.string.TestAbbreviateMiddle" name="testTooFewArgs" time="0.006"/>
  <testcase classname="com.semantalytics.stardog.kibble.string.TestAbbreviateMiddle" name="testEmptyString" time="0.006"/>
  <testcase classname="com.semantalytics.stardog.kibble.string.TestAbbreviateWithMarker" name="testThreeArg" time="0.01"/>
  <testcase classname="com.semantalytics.stardog.kibble.string.TestAbbreviateWithMarker" name="testWrongTypeFirstArg" time="0.006"/>
  <testcase classname="com.semantalytics.stardog.kibble.string.TestAbbreviateWithMarker" name="testTooManyArgs" time="0.004"/>
  <testcase classname="com.semantalytics.stardog.kibble.string.TestAbbreviateWithMarker" name="testFourArg" time="0.005"/>
  <testcase classname="com.semantalytics.stardog.kibble.string.TestAbbreviateWithMarker" name="testWrongTypeSecondArg" time="0.005"/>
  <testcase classname="com.semantalytics.stardog.kibble.string.TestAbbreviateWithMarker" name="testLengthTooShort" time="0.004"/>
  <testcase classname="com.semantalytics.stardog.kibble.string.TestAbbreviateWithMarker" name="testTooFewArgs" time="0.006"/>
  <testcase classname="com.semantalytics.stardog.kibble.string.TestAbbreviateWithMarker" name="testEmptyString" time="0.003"/>
  <testcase classname="com.semantalytics.stardog.kibble.string.TestAppendIfMissing" name="testWrongTypeFirstArg" time="0.006"/>
  <testcase classname="com.semantalytics.stardog.kibble.string.TestAppendIfMissing" name="testNotMissing" time="0.009"/>
  <testcase classname="com.semantalytics.stardog.kibble.string.TestAppendIfMissing" name="testWrongTypeSecondArg" time="0.005"/>
  <testcase classname="com.semantalytics.stardog.kibble.string.TestAppendIfMissing" name="testWrongTypeThirdArg" time="0.005"/>
  <testcase classname="com.semantalytics.stardog.kibble.string.TestAppendIfMissing" name="testLengthTooShort" time="0.004"/>
  <testcase classname="com.semantalytics.stardog.kibble.string.TestAppendIfMissing" name="testTooFewArgs" time="0.004"/>
  <testcase classname="com.semantalytics.stardog.kibble.string.TestAppendIfMissing" name="testMissing" time="0.004"/>
  <testcase classname="com.semantalytics.stardog.kibble.string.TestAppendIfMissingIgnoreCase" name="testWrongTypeFirstArg" time="0.007"/>
  <testcase classname="com.semantalytics.stardog.kibble.string.TestAppendIfMissingIgnoreCase" name="testTooManyArgs" time="0.005"/>
  <testcase classname="com.semantalytics.stardog.kibble.string.TestAppendIfMissingIgnoreCase" name="testNotMissing" time="0.005"/>
  <testcase classname="com.semantalytics.stardog.kibble.string.TestAppendIfMissingIgnoreCase" name="testWrongTypeSecondArg" time="0.004"/>
  <testcase classname="com.semantalytics.stardog.kibble.string.TestAppendIfMissingIgnoreCase" name="testLengthTooShort" time="0.003"/>
  <testcase classname="com.semantalytics.stardog.kibble.string.TestAppendIfMissingIgnoreCase" name="testTooFewArgs" time="0.005"/>
  <testcase classname="com.semantalytics.stardog.kibble.string.TestAppendIfMissingIgnoreCase" name="testEmptyString" time="0.003"/>
  <testcase classname="com.semantalytics.stardog.kibble.string.TestAppendIfMissingIgnoreCase" name="testMissing" time="0.004"/>
  <testcase classname="com.semantalytics.stardog.kibble.string.TestCapitalize" name="testTooManyArgs" time="0.008"/>
  <testcase classname="com.semantalytics.stardog.kibble.string.TestCapitalize" name="testAllCaps" time="0.005"/>
  <testcase classname="com.semantalytics.stardog.kibble.string.TestCapitalize" name="testTooFewArgs" time="0.007"/>
  <testcase classname="com.semantalytics.stardog.kibble.string.TestCapitalize" name="testCapitalized" time="0.004"/>
  <testcase classname="com.semantalytics.stardog.kibble.string.TestCapitalize" name="testEmptyString" time="0.004"/>
  <testcase classname="com.semantalytics.stardog.kibble.string.TestCapitalize" name="testNotCapitalized" time="0.003"/>
  <testcase classname="com.semantalytics.stardog.kibble.string.TestCapitalize" name="testArgumentWrongType" time="0.003"/>
  <testcase classname="com.semantalytics.stardog.kibble.string.TestCaseFormat" name="testTooManyArgs" time="0.009"/>
  <testcase classname="com.semantalytics.stardog.kibble.string.TestCaseFormat" name="testLowerCamelToLowerHyphenByExample" time="0.011"/>
  <testcase classname="com.semantalytics.stardog.kibble.string.TestCaseFormat" name="testLowerCamelToLowerUnderscoreByExample" time="0.005"/>
  <testcase classname="com.semantalytics.stardog.kibble.string.TestCaseFormat" name="testWrongType" time="0.004"/>
  <testcase classname="com.semantalytics.stardog.kibble.string.TestCaseFormat" name="testLowerCamelToUpperUnderscoreByExample" time="0.004"/>
  <testcase classname="com.semantalytics.stardog.kibble.string.TestCaseFormat" name="testLowerCamelToUpperCamelByExample" time="0.004"/>
  <testcase classname="com.semantalytics.stardog.kibble.string.TestCenter" name="testWrongTypeFirstArg" time="0.007"/>
  <testcase classname="com.semantalytics.stardog.kibble.string.TestCenter" name="testTooManyArgs" time="0.005"/>
  <testcase classname="com.semantalytics.stardog.kibble.string.TestCenter" name="testCenterThreeArg" time="0.005"/>
  <testcase classname="com.semantalytics.stardog.kibble.string.TestCenter" name="testWrongTypeSecondArg" time="0.003"/>
  <testcase classname="com.semantalytics.stardog.kibble.string.TestCenter" name="testWrongTypeThirdArg" time="0.003"/>
  <testcase classname="com.semantalytics.stardog.kibble.string.TestCenter" name="testTooFewArgs" time="0.004"/>
  <testcase classname="com.semantalytics.stardog.kibble.string.TestCenter" name="testEmptyString" time="0.004"/>
  <testcase classname="com.semantalytics.stardog.kibble.string.TestCenter" name="testCenterTwoArg" time="0.005"/>
  <testcase classname="com.semantalytics.stardog.kibble.string.TestChomp" name="testWrongTypeFirstArg" time="0.005"/>
  <testcase classname="com.semantalytics.stardog.kibble.string.TestChomp" name="testTooManyArgs" time="0.005"/>
  <testcase classname="com.semantalytics.stardog.kibble.string.TestChomp" name="testChomp" time="0.003"/>
  <testcase classname="com.semantalytics.stardog.kibble.string.TestChomp" name="testTooFewArgs" time="0.004"/>
  <testcase classname="com.semantalytics.stardog.kibble.string.TestChomp" name="testEmptyString" time="0.003"/>
  <testcase classname="com.semantalytics.stardog.kibble.string.TestChop" name="testWrongTypeFirstArg" time="0.006"/>
  <testcase classname="com.semantalytics.stardog.kibble.string.TestChop" name="testTooManyArgs" time="0.004"/>
  <testcase classname="com.semantalytics.stardog.kibble.string.TestChop" name="testChop" time="0.004"/>
  <testcase classname="com.semantalytics.stardog.kibble.string.TestChop" name="testTooFewArgs" time="0.003"/>
  <testcase classname="com.semantalytics.stardog.kibble.string.TestChop" name="testEmptyString" time="0.003"/>
  <testcase classname="com.semantalytics.stardog.kibble.string.TestCommonPrefix" name="testWrongTypeFirstArg" time="0.007"/>
  <testcase classname="com.semantalytics.stardog.kibble.string.TestCommonPrefix" name="testTooManyArgs" time="0.004"/>
  <testcase classname="com.semantalytics.stardog.kibble.string.TestCommonPrefix" name="testWrongTypeSecondArg" time="0.003"/>
  <testcase classname="com.semantalytics.stardog.kibble.string.TestCommonPrefix" name="testTooFewArgs" time="0.004"/>
  <testcase classname="com.semantalytics.stardog.kibble.string.TestCommonPrefix" name="testEmptyString" time="0.004"/>
  <testcase classname="com.semantalytics.stardog.kibble.string.TestCommonPrefix" name="testCommonPrefix" time="0.003"/>
  <testcase classname="com.semantalytics.stardog.kibble.string.TestCommonSuffix" name="testWrongTypeFirstArg" time="0.006"/>
  <testcase classname="com.semantalytics.stardog.kibble.string.TestCommonSuffix" name="testTooManyArgs" time="0.004"/>
  <testcase classname="com.semantalytics.stardog.kibble.string.TestCommonSuffix" name="testWrongTypeSecondArg" time="0.003"/>
  <testcase classname="com.semantalytics.stardog.kibble.string.TestCommonSuffix" name="testTooFewArgs" time="0.003"/>
  <testcase classname="com.semantalytics.stardog.kibble.string.TestCommonSuffix" name="testEmptyString" time="0.005"/>
  <testcase classname="com.semantalytics.stardog.kibble.string.TestCommonSuffix" name="testCommonSuffix" time="0.003"/>
  <testcase classname="com.semantalytics.stardog.kibble.string.TestCompare" name="testWrongTypeFirstArg" time="0.005"/>
  <testcase classname="com.semantalytics.stardog.kibble.string.TestCompare" name="testTooManyArgs" time="0.003"/>
  <testcase classname="com.semantalytics.stardog.kibble.string.TestCompare" name="testLessThan" time="0.004"/>
  <testcase classname="com.semantalytics.stardog.kibble.string.TestCompare" name="testEqual" time="0.006"/>
  <testcase classname="com.semantalytics.stardog.kibble.string.TestCompare" name="testWrongTypeSecondArg" time="0.003"/>
  <testcase classname="com.semantalytics.stardog.kibble.string.TestCompare" name="testTooFewArgs" time="0.003"/>
  <testcase classname="com.semantalytics.stardog.kibble.string.TestCompare" name="testGreaterThan" time="0.004"/>
  <testcase classname="com.semantalytics.stardog.kibble.string.TestCompareIgnoreCase" name="testWrongTypeFirstArg" time="0.006"/>
  <testcase classname="com.semantalytics.stardog.kibble.string.TestCompareIgnoreCase" name="testTooManyArgs" time="0.003"/>
  <testcase classname="com.semantalytics.stardog.kibble.string.TestCompareIgnoreCase" name="testLessThan" time="0.003"/>
  <testcase classname="com.semantalytics.stardog.kibble.string.TestCompareIgnoreCase" name="testEqual" time="0.003"/>
  <testcase classname="com.semantalytics.stardog.kibble.string.TestCompareIgnoreCase" name="testWrongTypeSecondArg" time="0.003"/>
  <testcase classname="com.semantalytics.stardog.kibble.string.TestCompareIgnoreCase" name="testTooFewArgs" time="0.003"/>
  <testcase classname="com.semantalytics.stardog.kibble.string.TestCompareIgnoreCase" name="testGreaterThan" time="0.003"/>
  <testcase classname="com.semantalytics.stardog.kibble.string.TestCompareIgnoreCase" name="testEmptyString" time="0.003"/>
  <testcase classname="com.semantalytics.stardog.kibble.string.TestContains" name="testWrongTypeFirstArg" time="0.009"/>
  <testcase classname="com.semantalytics.stardog.kibble.string.TestContains" name="testTooManyArgs" time="0.006"/>
  <testcase classname="com.semantalytics.stardog.kibble.string.TestContains" name="testFalse" time="0.004"/>
  <testcase classname="com.semantalytics.stardog.kibble.string.TestContains" name="testTrue" time="0.003"/>
  <testcase classname="com.semantalytics.stardog.kibble.string.TestContains" name="testWrongTypeSecondArg" time="0.003"/>
  <testcase classname="com.semantalytics.stardog.kibble.string.TestContains" name="testTooFewArgs" time="0.005"/>
  <testcase classname="com.semantalytics.stardog.kibble.string.TestContains" name="testEmptyString" time="0.005"/>
  <testcase classname="com.semantalytics.stardog.kibble.string.TestContainsAny" name="testWrongTypeFirstArg" time="0.005"/>
  <testcase classname="com.semantalytics.stardog.kibble.string.TestContainsAny" name="testTooManyArgs" time="0.004"/>
  <testcase classname="com.semantalytics.stardog.kibble.string.TestContainsAny" name="testFalse" time="0.004"/>
  <testcase classname="com.semantalytics.stardog.kibble.string.TestContainsAny" name="testTrue" time="0.003"/>
  <testcase classname="com.semantalytics.stardog.kibble.string.TestContainsAny" name="testWrongTypeSecondArg" time="0.002"/>
  <testcase classname="com.semantalytics.stardog.kibble.string.TestContainsAny" name="testTooFewArgs" time="0.003"/>
  <testcase classname="com.semantalytics.stardog.kibble.string.TestContainsAny" name="testEmptyString" time="0.004"/>
  <testcase classname="com.semantalytics.stardog.kibble.string.TestContainsIgnoreCase" name="testWrongTypeFirstArg" time="0.006"/>
  <testcase classname="com.semantalytics.stardog.kibble.string.TestContainsIgnoreCase" name="testTooManyArgs" time="0.003"/>
  <testcase classname="com.semantalytics.stardog.kibble.string.TestContainsIgnoreCase" name="testFalse" time="0.003"/>
  <testcase classname="com.semantalytics.stardog.kibble.string.TestContainsIgnoreCase" name="testTrue" time="0.003"/>
  <testcase classname="com.semantalytics.stardog.kibble.string.TestContainsIgnoreCase" name="testWrongTypeSecondArg" time="0.003"/>
  <testcase classname="com.semantalytics.stardog.kibble.string.TestContainsIgnoreCase" name="testTooFewArgs" time="0.003"/>
  <testcase classname="com.semantalytics.stardog.kibble.string.TestContainsIgnoreCase" name="testEmptyString" time="0.004"/>
  <testcase classname="com.semantalytics.stardog.kibble.string.TestContainsNone" name="testWrongTypeFirstArg" time="0.005"/>
  <testcase classname="com.semantalytics.stardog.kibble.string.TestContainsNone" name="testTooManyArgs" time="0.004"/>
  <testcase classname="com.semantalytics.stardog.kibble.string.TestContainsNone" name="testFalse" time="0.002"/>
  <testcase classname="com.semantalytics.stardog.kibble.string.TestContainsNone" name="testTrue" time="0.003"/>
  <testcase classname="com.semantalytics.stardog.kibble.string.TestContainsNone" name="testWrongTypeSecondArg" time="0.003"/>
  <testcase classname="com.semantalytics.stardog.kibble.string.TestContainsNone" name="testTooFewArgs" time="0.004"/>
  <testcase classname="com.semantalytics.stardog.kibble.string.TestContainsNone" name="testEmptyString" time="0.003"/>
  <testcase classname="com.semantalytics.stardog.kibble.string.TestContainsOnly" name="testWrongTypeFirstArg" time="0.006"/>
  <testcase classname="com.semantalytics.stardog.kibble.string.TestContainsOnly" name="testTooManyArgs" time="0.004"/>
  <testcase classname="com.semantalytics.stardog.kibble.string.TestContainsOnly" name="testFalse" time="0.007"/>
  <testcase classname="com.semantalytics.stardog.kibble.string.TestContainsOnly" name="testTrue" time="0.003"/>
  <testcase classname="com.semantalytics.stardog.kibble.string.TestContainsOnly" name="testWrongTypeSecondArg" time="0.003"/>
  <testcase classname="com.semantalytics.stardog.kibble.string.TestContainsOnly" name="testTooFewArgs" time="0.003"/>
  <testcase classname="com.semantalytics.stardog.kibble.string.TestContainsOnly" name="testEmptyString" time="0.004"/>
  <testcase classname="com.semantalytics.stardog.kibble.string.TestContainsWhitespace" name="testWrongTypeFirstArg" time="0.005"/>
  <testcase classname="com.semantalytics.stardog.kibble.string.TestContainsWhitespace" name="testTooManyArgs" time="0.002"/>
  <testcase classname="com.semantalytics.stardog.kibble.string.TestContainsWhitespace" name="testFalse" time="0.003"/>
  <testcase classname="com.semantalytics.stardog.kibble.string.TestContainsWhitespace" name="testTrue" time="0.002"/>
  <testcase classname="com.semantalytics.stardog.kibble.string.TestContainsWhitespace" name="testWrongTypeSecondArg" time="0.003"/>
  <testcase classname="com.semantalytics.stardog.kibble.string.TestContainsWhitespace" name="testTooFewArgs" time="0.003"/>
  <testcase classname="com.semantalytics.stardog.kibble.string.TestContainsWhitespace" name="testEmptyString" time="0.002"/>
  <testcase classname="com.semantalytics.stardog.kibble.string.TestCountMatches" name="testWrongTypeFirstArg" time="0.005"/>
  <testcase classname="com.semantalytics.stardog.kibble.string.TestCountMatches" name="testTooManyArgs" time="0.004"/>
  <testcase classname="com.semantalytics.stardog.kibble.string.TestCountMatches" name="testZeroMatches" time="0.002"/>
  <testcase classname="com.semantalytics.stardog.kibble.string.TestCountMatches" name="testNonZeroMatches" time="0.004"/>
  <testcase classname="com.semantalytics.stardog.kibble.string.TestCountMatches" name="testWrongTypeSecondArg" time="0.003"/>
  <testcase classname="com.semantalytics.stardog.kibble.string.TestCountMatches" name="testTooFewArgs" time="0.002"/>
  <testcase classname="com.semantalytics.stardog.kibble.string.TestCountMatches" name="testEmptyString" time="0.002"/>
  <testcase classname="com.semantalytics.stardog.kibble.string.TestDefaultIfBlank" name="testNotBlank" time="0.005"/>
  <testcase classname="com.semantalytics.stardog.kibble.string.TestDefaultIfBlank" name="testWrongTypeFirstArg" time="0.003"/>
  <testcase classname="com.semantalytics.stardog.kibble.string.TestDefaultIfBlank" name="testTooManyArgs" time="0.008"/>
  <testcase classname="com.semantalytics.stardog.kibble.string.TestDefaultIfBlank" name="testBlank" time="0.005"/>
  <testcase classname="com.semantalytics.stardog.kibble.string.TestDefaultIfBlank" name="testEmpty" time="0.004"/>
  <testcase classname="com.semantalytics.stardog.kibble.string.TestDefaultIfBlank" name="testWrongTypeSecondArg" time="0.004"/>
  <testcase classname="com.semantalytics.stardog.kibble.string.TestDefaultIfBlank" name="testTooFewArgs" time="0.005"/>
  <testcase classname="com.semantalytics.stardog.kibble.string.TestDefaultIfEmpty" name="testNotEmpty" time="0.004"/>
  <testcase classname="com.semantalytics.stardog.kibble.string.TestDefaultIfEmpty" name="testWrongTypeFirstArg" time="0.003"/>
  <testcase classname="com.semantalytics.stardog.kibble.string.TestDefaultIfEmpty" name="testTooManyArgs" time="0.004"/>
  <testcase classname="com.semantalytics.stardog.kibble.string.TestDefaultIfEmpty" name="testBlank" time="0.005"/>
  <testcase classname="com.semantalytics.stardog.kibble.string.TestDefaultIfEmpty" name="testEmpty" time="0.003"/>
  <testcase classname="com.semantalytics.stardog.kibble.string.TestDefaultIfEmpty" name="testWrongTypeSecondArg" time="0.002"/>
  <testcase classname="com.semantalytics.stardog.kibble.string.TestDefaultIfEmpty" name="testTooFewArgs" time="0.004"/>
  <testcase classname="com.semantalytics.stardog.kibble.string.TestDeleteWhitespace" name="testWrongTypeFirstArg" time="0.006"/>
  <testcase classname="com.semantalytics.stardog.kibble.string.TestDeleteWhitespace" name="testTooManyArgs" time="0.003"/>
  <testcase classname="com.semantalytics.stardog.kibble.string.TestDeleteWhitespace" name="testAbbreviateMiddle" time="0.003"/>
  <testcase classname="com.semantalytics.stardog.kibble.string.TestDeleteWhitespace" name="testTooFewArgs" time="0.004"/>
  <testcase classname="com.semantalytics.stardog.kibble.string.TestDeleteWhitespace" name="testEmptyString" time="0.003"/>
  <testcase classname="com.semantalytics.stardog.kibble.string.TestDifference" name="testWrongTypeFirstArg" time="0.006"/>
  <testcase classname="com.semantalytics.stardog.kibble.string.TestDifference" name="testNotDifferent" time="0.003"/>
  <testcase classname="com.semantalytics.stardog.kibble.string.TestDifference" name="testTooManyArgs" time="0.005"/>
  <testcase classname="com.semantalytics.stardog.kibble.string.TestDifference" name="testWrongTypeSecondArg" time="0.004"/>
  <testcase classname="com.semantalytics.stardog.kibble.string.TestDifference" name="testTooFewArgs" time="0.003"/>
  <testcase classname="com.semantalytics.stardog.kibble.string.TestDifference" name="testEmptyString" time="0.004"/>
  <testcase classname="com.semantalytics.stardog.kibble.string.TestDifference" name="testDifferent" time="0.003"/>
  <testcase classname="com.semantalytics.stardog.kibble.string.TestDigits" name="testTooManyArgs" time="0.006"/>
  <testcase classname="com.semantalytics.stardog.kibble.string.TestDigits" name="testOnlyDigits" time="0.004"/>
  <testcase classname="com.semantalytics.stardog.kibble.string.TestDigits" name="testTooFewArgs" time="0.003"/>
  <testcase classname="com.semantalytics.stardog.kibble.string.TestDigits" name="testWrongType" time="0.003"/>
  <testcase classname="com.semantalytics.stardog.kibble.string.TestDigits" name="testEmptyString" time="0.002"/>
  <testcase classname="com.semantalytics.stardog.kibble.string.TestDigits" name="testGetDigits" time="0.002"/>
  <testcase classname="com.semantalytics.stardog.kibble.string.TestDigits" name="testNonAscii" time="0.005"/>
  <testcase classname="com.semantalytics.stardog.kibble.string.TestEndsWith" name="testWrongTypeFirstArg" time="0.005"/>
  <testcase classname="com.semantalytics.stardog.kibble.string.TestEndsWith" name="testTooManyArgs" time="0.002"/>
  <testcase classname="com.semantalytics.stardog.kibble.string.TestEndsWith" name="testFalse" time="0.003"/>
  <testcase classname="com.semantalytics.stardog.kibble.string.TestEndsWith" name="testTrue" time="0.002"/>
  <testcase classname="com.semantalytics.stardog.kibble.string.TestEndsWith" name="testWrongTypeSecondArg" time="0.002"/>
  <testcase classname="com.semantalytics.stardog.kibble.string.TestEndsWith" name="testTooFewArgs" time="0.002"/>
  <testcase classname="com.semantalytics.stardog.kibble.string.TestEndsWith" name="testEmptyString" time="0.004"/>
  <testcase classname="com.semantalytics.stardog.kibble.string.TestEndsWithIgnoreCase" name="testWrongTypeFirstArg" time="0.004"/>
  <testcase classname="com.semantalytics.stardog.kibble.string.TestEndsWithIgnoreCase" name="testTooManyArgs" time="0.002"/>
  <testcase classname="com.semantalytics.stardog.kibble.string.TestEndsWithIgnoreCase" name="testFalse" time="0.003"/>
  <testcase classname="com.semantalytics.stardog.kibble.string.TestEndsWithIgnoreCase" name="testTrue" time="0.004"/>
  <testcase classname="com.semantalytics.stardog.kibble.string.TestEndsWithIgnoreCase" name="testWrongTypeSecondArg" time="0.002"/>
  <testcase classname="com.semantalytics.stardog.kibble.string.TestEndsWithIgnoreCase" name="testTooFewArgs" time="0.003"/>
  <testcase classname="com.semantalytics.stardog.kibble.string.TestEndsWithIgnoreCase" name="testEmptyString" time="0.003"/>
  <testcase classname="com.semantalytics.stardog.kibble.string.TestEquals" name="testWrongTypeFirstArg" time="0.006"/>
  <testcase classname="com.semantalytics.stardog.kibble.string.TestEquals" name="testTooManyArgs" time="0.003"/>
  <testcase classname="com.semantalytics.stardog.kibble.string.TestEquals" name="testFalse" time="0.002"/>
  <testcase classname="com.semantalytics.stardog.kibble.string.TestEquals" name="testTrue" time="0.005"/>
  <testcase classname="com.semantalytics.stardog.kibble.string.TestEquals" name="testWrongTypeSecondArg" time="0.003"/>
  <testcase classname="com.semantalytics.stardog.kibble.string.TestEquals" name="testTooFewArgs" time="0.003"/>
  <testcase classname="com.semantalytics.stardog.kibble.string.TestEquals" name="testEmptyString" time="0.002"/>
  <testcase classname="com.semantalytics.stardog.kibble.string.TestEqualsAny" name="testWrongTypeFirstArg" time="0.005"/>
  <testcase classname="com.semantalytics.stardog.kibble.string.TestEqualsAny" name="testFalse" time="0.004"/>
  <testcase classname="com.semantalytics.stardog.kibble.string.TestEqualsAny" name="testTrue" time="0.003"/>
  <testcase classname="com.semantalytics.stardog.kibble.string.TestEqualsAny" name="testWrongTypeSecondArg" time="0.002"/>
  <testcase classname="com.semantalytics.stardog.kibble.string.TestEqualsAny" name="testTooFewArgs" time="0.003"/>
  <testcase classname="com.semantalytics.stardog.kibble.string.TestEqualsIgnoreCase" name="testWrongTypeFirstArg" time="0.004"/>
  <testcase classname="com.semantalytics.stardog.kibble.string.TestEqualsIgnoreCase" name="testTooManyArgs" time="0.003"/>
  <testcase classname="com.semantalytics.stardog.kibble.string.TestEqualsIgnoreCase" name="testFalse" time="0.002"/>
  <testcase classname="com.semantalytics.stardog.kibble.string.TestEqualsIgnoreCase" name="testTrue" time="0.002"/>
  <testcase classname="com.semantalytics.stardog.kibble.string.TestEqualsIgnoreCase" name="testWrongTypeSecondArg" time="0.002"/>
  <testcase classname="com.semantalytics.stardog.kibble.string.TestEqualsIgnoreCase" name="testTooFewArgs" time="0.003"/>
  <testcase classname="com.semantalytics.stardog.kibble.string.TestEqualsIgnoreCase" name="testEmptyString" time="0.003"/>
  <testcase classname="com.semantalytics.stardog.kibble.string.TestIndexOf" name="testThreeArg" time="0.005"/>
  <testcase classname="com.semantalytics.stardog.kibble.string.TestIndexOf" name="testWrongTypeFirstArg" time="0.002"/>
  <testcase classname="com.semantalytics.stardog.kibble.string.TestIndexOf" name="testTooManyArgs" time="0.003"/>
  <testcase classname="com.semantalytics.stardog.kibble.string.TestIndexOf" name="testWrongTypeSecondArg" time="0.002"/>
  <testcase classname="com.semantalytics.stardog.kibble.string.TestIndexOf" name="testWrongTypeThirdArg" time="0.002"/>
  <testcase classname="com.semantalytics.stardog.kibble.string.TestIndexOf" name="testTooFewArgs" time="0.002"/>
  <testcase classname="com.semantalytics.stardog.kibble.string.TestIndexOf" name="testTwoArg" time="0.002"/>
  <testcase classname="com.semantalytics.stardog.kibble.string.TestIndexOfAny" name="testWrongTypeFirstArg" time="0.005"/>
  <testcase classname="com.semantalytics.stardog.kibble.string.TestIndexOfAny" name="testTooManyArgs" time="0.003"/>
  <testcase classname="com.semantalytics.stardog.kibble.string.TestIndexOfAny" name="testWrongTypeSecondArg" time="0.002"/>
  <testcase classname="com.semantalytics.stardog.kibble.string.TestIndexOfAny" name="test" time="0.002"/>
  <testcase classname="com.semantalytics.stardog.kibble.string.TestIndexOfAny" name="testTooFewArgs" time="0.003"/>
  <testcase classname="com.semantalytics.stardog.kibble.string.TestIndexOfAny" name="testEmptyString" time="0.003"/>
  <testcase classname="com.semantalytics.stardog.kibble.string.TestIndexOfAnyBut" name="testWrongTypeFirstArg" time="0.005"/>
  <testcase classname="com.semantalytics.stardog.kibble.string.TestIndexOfAnyBut" name="testTooManyArgs" time="0.003"/>
  <testcase classname="com.semantalytics.stardog.kibble.string.TestIndexOfAnyBut" name="testWrongTypeSecondArg" time="0.003"/>
  <testcase classname="com.semantalytics.stardog.kibble.string.TestIndexOfAnyBut" name="test" time="0.002"/>
  <testcase classname="com.semantalytics.stardog.kibble.string.TestIndexOfAnyBut" name="testTooFewArgs" time="0.003"/>
  <testcase classname="com.semantalytics.stardog.kibble.string.TestIndexOfAnyBut" name="testEmptyString" time="0.002"/>
  <testcase classname="com.semantalytics.stardog.kibble.string.TestIndexOfDifference" name="testWrongTypeFirstArg" time="0.004"/>
  <testcase classname="com.semantalytics.stardog.kibble.string.TestIndexOfDifference" name="testTooManyArgs" time="0.002"/>
  <testcase classname="com.semantalytics.stardog.kibble.string.TestIndexOfDifference" name="testWrongTypeSecondArg" time="0.002"/>
  <testcase classname="com.semantalytics.stardog.kibble.string.TestIndexOfDifference" name="test" time="0.002"/>
  <testcase classname="com.semantalytics.stardog.kibble.string.TestIndexOfDifference" name="testTooFewArgs" time="0.002"/>
  <testcase classname="com.semantalytics.stardog.kibble.string.TestIndexOfDifference" name="testEmptyString" time="0.003"/>
  <testcase classname="com.semantalytics.stardog.kibble.string.TestIndexOfIgnoreCase" name="testWrongTypeFirstArg" time="0.004"/>
  <testcase classname="com.semantalytics.stardog.kibble.string.TestIndexOfIgnoreCase" name="testTooManyArgs" time="0.003"/>
  <testcase classname="com.semantalytics.stardog.kibble.string.TestIndexOfIgnoreCase" name="testWrongTypeSecondArg" time="0.002"/>
  <testcase classname="com.semantalytics.stardog.kibble.string.TestIndexOfIgnoreCase" name="test" time="0.002"/>
  <testcase classname="com.semantalytics.stardog.kibble.string.TestIndexOfIgnoreCase" name="testTooFewArgs" time="0.003"/>
  <testcase classname="com.semantalytics.stardog.kibble.string.TestIndexOfIgnoreCase" name="testEmptyString" time="0.002"/>
  <testcase classname="com.semantalytics.stardog.kibble.string.TestInitials" name="testWrongTypeFirstArg" time="0.006"/>
  <testcase classname="com.semantalytics.stardog.kibble.string.TestInitials" name="testTooManyArgs" time="0.003"/>
  <testcase classname="com.semantalytics.stardog.kibble.string.TestInitials" name="testWrongTypeSecondArg" time="0.002"/>
  <testcase classname="com.semantalytics.stardog.kibble.string.TestInitials" name="testInitialsOneArg" time="0.005"/>
  <testcase classname="com.semantalytics.stardog.kibble.string.TestInitials" name="testInitialsTwoArg" time="0.003"/>
  <testcase classname="com.semantalytics.stardog.kibble.string.TestInitials" name="testTooFewArgs" time="0.003"/>
  <testcase classname="com.semantalytics.stardog.kibble.string.TestInitials" name="testEmptyString" time="0.002"/>
  <testcase classname="com.semantalytics.stardog.kibble.string.TestIsAllBlank" name="testWrongTypeFirstArg" time="0.005"/>
  <testcase classname="com.semantalytics.stardog.kibble.string.TestIsAllBlank" name="testTooManyArgs" time="0.003"/>
  <testcase classname="com.semantalytics.stardog.kibble.string.TestIsAllBlank" name="testFalse" time="0.003"/>
  <testcase classname="com.semantalytics.stardog.kibble.string.TestIsAllBlank" name="testTrue" time="0.003"/>
  <testcase classname="com.semantalytics.stardog.kibble.string.TestIsAllBlank" name="testTooFewArgs" time="0.003"/>
  <testcase classname="com.semantalytics.stardog.kibble.string.TestIsAllBlank" name="testEmptyString" time="0.005"/>
  <testcase classname="com.semantalytics.stardog.kibble.string.TestIsAllLowerCase" name="testWrongTypeFirstArg" time="0.006"/>
  <testcase classname="com.semantalytics.stardog.kibble.string.TestIsAllLowerCase" name="testTooManyArgs" time="0.002"/>
  <testcase classname="com.semantalytics.stardog.kibble.string.TestIsAllLowerCase" name="testFalse" time="0.003"/>
  <testcase classname="com.semantalytics.stardog.kibble.string.TestIsAllLowerCase" name="testTrue" time="0.002"/>
  <testcase classname="com.semantalytics.stardog.kibble.string.TestIsAllLowerCase" name="testTooFewArgs" time="0.003"/>
  <testcase classname="com.semantalytics.stardog.kibble.string.TestIsAllLowerCase" name="testEmptyString" time="0.002"/>
  <testcase classname="com.semantalytics.stardog.kibble.string.TestIsAllUpperCase" name="testWrongTypeFirstArg" time="0.006"/>
  <testcase classname="com.semantalytics.stardog.kibble.string.TestIsAllUpperCase" name="testTooManyArgs" time="0.002"/>
  <testcase classname="com.semantalytics.stardog.kibble.string.TestIsAllUpperCase" name="testFalse" time="0.002"/>
  <testcase classname="com.semantalytics.stardog.kibble.string.TestIsAllUpperCase" name="testTrue" time="0.002"/>
  <testcase classname="com.semantalytics.stardog.kibble.string.TestIsAllUpperCase" name="testTooFewArgs" time="0.002"/>
  <testcase classname="com.semantalytics.stardog.kibble.string.TestIsAllUpperCase" name="testEmptyString" time="0.002"/>
  <testcase classname="com.semantalytics.stardog.kibble.string.TestIsAlpha" name="testWrongTypeFirstArg" time="0.005"/>
  <testcase classname="com.semantalytics.stardog.kibble.string.TestIsAlpha" name="testTooManyArgs" time="0.002"/>
  <testcase classname="com.semantalytics.stardog.kibble.string.TestIsAlpha" name="testFalse" time="0.002"/>
  <testcase classname="com.semantalytics.stardog.kibble.string.TestIsAlpha" name="testTrue" time="0.002"/>
  <testcase classname="com.semantalytics.stardog.kibble.string.TestIsAlpha" name="testTooFewArgs" time="0.002"/>
  <testcase classname="com.semantalytics.stardog.kibble.string.TestIsAlpha" name="testEmptyString" time="0.002"/>
  <testcase classname="com.semantalytics.stardog.kibble.string.TestIsAlphaSpace" name="testWrongTypeFirstArg" time="0.004"/>
  <testcase classname="com.semantalytics.stardog.kibble.string.TestIsAlphaSpace" name="testTooManyArgs" time="0.002"/>
  <testcase classname="com.semantalytics.stardog.kibble.string.TestIsAlphaSpace" name="testFalse" time="0.002"/>
  <testcase classname="com.semantalytics.stardog.kibble.string.TestIsAlphaSpace" name="testTrue" time="0.002"/>
  <testcase classname="com.semantalytics.stardog.kibble.string.TestIsAlphaSpace" name="testTooFewArgs" time="0.002"/>
  <testcase classname="com.semantalytics.stardog.kibble.string.TestIsAlphaSpace" name="testEmptyString" time="0.002"/>
  <testcase classname="com.semantalytics.stardog.kibble.string.TestIsAlphanumeric" name="testWrongTypeFirstArg" time="0.005"/>
  <testcase classname="com.semantalytics.stardog.kibble.string.TestIsAlphanumeric" name="testTooManyArgs" time="0.002"/>
  <testcase classname="com.semantalytics.stardog.kibble.string.TestIsAlphanumeric" name="testFalse" time="0.002"/>
  <testcase classname="com.semantalytics.stardog.kibble.string.TestIsAlphanumeric" name="testTrue" time="0.002"/>
  <testcase classname="com.semantalytics.stardog.kibble.string.TestIsAlphanumeric" name="testTooFewArgs" time="0.002"/>
  <testcase classname="com.semantalytics.stardog.kibble.string.TestIsAlphanumericSpace" name="testWrongTypeFirstArg" time="0.005"/>
  <testcase classname="com.semantalytics.stardog.kibble.string.TestIsAlphanumericSpace" name="testTooManyArgs" time="0.003"/>
  <testcase classname="com.semantalytics.stardog.kibble.string.TestIsAlphanumericSpace" name="testFalse" time="0.002"/>
  <testcase classname="com.semantalytics.stardog.kibble.string.TestIsAlphanumericSpace" name="testTrue" time="0.002"/>
  <testcase classname="com.semantalytics.stardog.kibble.string.TestIsAlphanumericSpace" name="testTooFewArgs" time="0.003"/>
  <testcase classname="com.semantalytics.stardog.kibble.string.TestIsAlphanumericSpace" name="testEmptyString" time="0.002"/>
  <testcase classname="com.semantalytics.stardog.kibble.string.TestIsAnyBlank" name="testWrongTypeFirstArg" time="0.004"/>
  <testcase classname="com.semantalytics.stardog.kibble.string.TestIsAnyBlank" name="testFalse" time="0.003"/>
  <testcase classname="com.semantalytics.stardog.kibble.string.TestIsAnyBlank" name="testTrue" time="0.003"/>
  <testcase classname="com.semantalytics.stardog.kibble.string.TestIsAnyBlank" name="testWrongTypeSecondArg" time="0.002"/>
  <testcase classname="com.semantalytics.stardog.kibble.string.TestIsAnyBlank" name="testTooFewArgs" time="0.002"/>
  <testcase classname="com.semantalytics.stardog.kibble.string.TestIsAnyEmpty" name="testBlank" time="0.005"/>
  <testcase classname="com.semantalytics.stardog.kibble.string.TestIsAnyEmpty" name="testFalse" time="0.002"/>
  <testcase classname="com.semantalytics.stardog.kibble.string.TestIsAnyEmpty" name="testTrue" time="0.002"/>
  <testcase classname="com.semantalytics.stardog.kibble.string.TestIsAnyEmpty" name="testTooFewArgs" time="0.003"/>
  <testcase classname="com.semantalytics.stardog.kibble.string.TestIsAnyEmpty" name="testWrongTypeOneArg" time="0.002"/>
  <testcase classname="com.semantalytics.stardog.kibble.string.TestIsAnyEmpty" name="testWrongTypeTwoArg" time="0.002"/>
  <testcase classname="com.semantalytics.stardog.kibble.string.TestIsAsciiPrintable" name="testWrongTypeFirstArg" time="0.004"/>
  <testcase classname="com.semantalytics.stardog.kibble.string.TestIsAsciiPrintable" name="testTooManyArgs" time="0.002"/>
  <testcase classname="com.semantalytics.stardog.kibble.string.TestIsAsciiPrintable" name="testFalse" time="0.003"/>
  <testcase classname="com.semantalytics.stardog.kibble.string.TestIsAsciiPrintable" name="testTrue" time="0.003"/>
  <testcase classname="com.semantalytics.stardog.kibble.string.TestIsAsciiPrintable" name="testTooFewArgs" time="0.006"/>
  <testcase classname="com.semantalytics.stardog.kibble.string.TestIsAsciiPrintable" name="testEmptyString" time="0.004"/>
  <testcase classname="com.semantalytics.stardog.kibble.string.TestIsBlank" name="testWrongTypeFirstArg" time="0.004"/>
  <testcase classname="com.semantalytics.stardog.kibble.string.TestIsBlank" name="testTooManyArgs" time="0.002"/>
  <testcase classname="com.semantalytics.stardog.kibble.string.TestIsBlank" name="testFalse" time="0.001"/>
  <testcase classname="com.semantalytics.stardog.kibble.string.TestIsBlank" name="testTrue" time="0.002"/>
  <testcase classname="com.semantalytics.stardog.kibble.string.TestIsBlank" name="testTooFewArgs" time="0.003"/>
  <testcase classname="com.semantalytics.stardog.kibble.string.TestIsEmpty" name="testWrongTypeFirstArg" time="0.004"/>
  <testcase classname="com.semantalytics.stardog.kibble.string.TestIsEmpty" name="testTooManyArgs" time="0.002"/>
  <testcase classname="com.semantalytics.stardog.kibble.string.TestIsEmpty" name="testFalse" time="0.002"/>
  <testcase classname="com.semantalytics.stardog.kibble.string.TestIsEmpty" name="testTrue" time="0.002"/>
  <testcase classname="com.semantalytics.stardog.kibble.string.TestIsEmpty" name="testTooFewArgs" time="0.002"/>
  <testcase classname="com.semantalytics.stardog.kibble.string.TestIsMixedCase" name="testWrongTypeFirstArg" time="0.005"/>
  <testcase classname="com.semantalytics.stardog.kibble.string.TestIsMixedCase" name="testTooManyArgs" time="0.002"/>
  <testcase classname="com.semantalytics.stardog.kibble.string.TestIsMixedCase" name="testFalse" time="0.002"/>
  <testcase classname="com.semantalytics.stardog.kibble.string.TestIsMixedCase" name="testTrue" time="0.002"/>
  <testcase classname="com.semantalytics.stardog.kibble.string.TestIsMixedCase" name="testTooFewArgs" time="0.002"/>
  <testcase classname="com.semantalytics.stardog.kibble.string.TestIsMixedCase" name="testEmptyString" time="0.002"/>
  <testcase classname="com.semantalytics.stardog.kibble.string.TestIsNoneBlank" name="testWrongTypeFirstArg" time="0.005"/>
  <testcase classname="com.semantalytics.stardog.kibble.string.TestIsNoneBlank" name="testFalse" time="0.003"/>
  <testcase classname="com.semantalytics.stardog.kibble.string.TestIsNoneBlank" name="testTrue" time="0.002"/>
  <testcase classname="com.semantalytics.stardog.kibble.string.TestIsNoneBlank" name="testWrongTypeSecondArg" time="0.004"/>
  <testcase classname="com.semantalytics.stardog.kibble.string.TestIsNoneBlank" name="testTooFewArgs" time="0.003"/>
  <testcase classname="com.semantalytics.stardog.kibble.string.TestIsNoneEmpty" name="testWrongTypeFirstArg" time="0.006"/>
  <testcase classname="com.semantalytics.stardog.kibble.string.TestIsNoneEmpty" name="testTrue" time="0.006"/>
  <testcase classname="com.semantalytics.stardog.kibble.string.TestIsNoneEmpty" name="testWrongTypeSecondArg" time="0.004"/>
  <testcase classname="com.semantalytics.stardog.kibble.string.TestIsNoneEmpty" name="testTooFewArgs" time="0.002"/>
  <testcase classname="com.semantalytics.stardog.kibble.string.TestIsNoneEmpty" name="testEmptyString" time="0.002"/>
  <testcase classname="com.semantalytics.stardog.kibble.string.TestIsNotBlank" name="testWrongTypeFirstArg" time="0.005"/>
  <testcase classname="com.semantalytics.stardog.kibble.string.TestIsNotBlank" name="testTooManyArgs" time="0.002"/>
  <testcase classname="com.semantalytics.stardog.kibble.string.TestIsNotBlank" name="testFalse" time="0.002"/>
  <testcase classname="com.semantalytics.stardog.kibble.string.TestIsNotBlank" name="testTrue" time="0.002"/>
  <testcase classname="com.semantalytics.stardog.kibble.string.TestIsNotBlank" name="testWrongTypeSecondArg" time="0.001"/>
  <testcase classname="com.semantalytics.stardog.kibble.string.TestIsNotBlank" name="testTooFewArgs" time="0.002"/>
  <testcase classname="com.semantalytics.stardog.kibble.string.TestIsNotBlank" name="testEmptyString" time="0.002"/>
  <testcase classname="com.semantalytics.stardog.kibble.string.TestIsNotEmpty" name="testWrongTypeFirstArg" time="0.004"/>
  <testcase classname="com.semantalytics.stardog.kibble.string.TestIsNotEmpty" name="testTooManyArgs" time="0.002"/>
  <testcase classname="com.semantalytics.stardog.kibble.string.TestIsNotEmpty" name="testFalse" time="0.002"/>
  <testcase classname="com.semantalytics.stardog.kibble.string.TestIsNotEmpty" name="testTrue" time="0.002"/>
  <testcase classname="com.semantalytics.stardog.kibble.string.TestIsNotEmpty" name="testTooFewArgs" time="0.002"/>
  <testcase classname="com.semantalytics.stardog.kibble.string.TestIsNumeric" name="testWrongTypeFirstArg" time="0.006"/>
  <testcase classname="com.semantalytics.stardog.kibble.string.TestIsNumeric" name="testTooManyArgs" time="0.003"/>
  <testcase classname="com.semantalytics.stardog.kibble.string.TestIsNumeric" name="testFalse" time="0.003"/>
  <testcase classname="com.semantalytics.stardog.kibble.string.TestIsNumeric" name="testTrue" time="0.002"/>
  <testcase classname="com.semantalytics.stardog.kibble.string.TestIsNumeric" name="testTooFewArgs" time="0.003"/>
  <testcase classname="com.semantalytics.stardog.kibble.string.TestIsNumeric" name="testEmptyString" time="0.002"/>
  <testcase classname="com.semantalytics.stardog.kibble.string.TestIsNumericSpace" name="testWrongTypeFirstArg" time="0.005"/>
  <testcase classname="com.semantalytics.stardog.kibble.string.TestIsNumericSpace" name="testTooManyArgs" time="0.004"/>
  <testcase classname="com.semantalytics.stardog.kibble.string.TestIsNumericSpace" name="testFalse" time="0.003"/>
  <testcase classname="com.semantalytics.stardog.kibble.string.TestIsNumericSpace" name="testTrue" time="0.003"/>
  <testcase classname="com.semantalytics.stardog.kibble.string.TestIsNumericSpace" name="testTooFewArgs" time="0.003"/>
  <testcase classname="com.semantalytics.stardog.kibble.string.TestIsNumericSpace" name="testEmptyString" time="0.003"/>
  <testcase classname="com.semantalytics.stardog.kibble.string.TestIsWhitespace" name="testTooManyArgs" time="0.005"/>
  <testcase classname="com.semantalytics.stardog.kibble.string.TestIsWhitespace" name="testFalse" time="0.002"/>
  <testcase classname="com.semantalytics.stardog.kibble.string.TestIsWhitespace" name="testTrue" time="0.002"/>
  <testcase classname="com.semantalytics.stardog.kibble.string.TestIsWhitespace" name="testTooFewArgs" time="0.002"/>
  <testcase classname="com.semantalytics.stardog.kibble.string.TestIsWhitespace" name="testWrongType" time="0.002"/>
  <testcase classname="com.semantalytics.stardog.kibble.string.TestJoin" name="testWrongTypeFirstArg" time="0.007"/>
  <testcase classname="com.semantalytics.stardog.kibble.string.TestJoin" name="testThreeArgs" time="0.003"/>
  <testcase classname="com.semantalytics.stardog.kibble.string.TestJoin" name="testWrongTypeSecondArg" time="0.002"/>
  <testcase classname="com.semantalytics.stardog.kibble.string.TestJoin" name="testArrayLiteral" time="0.007"/>
  <testcase classname="com.semantalytics.stardog.kibble.string.TestJoin" name="testTooFewArgs" time="0.002"/>
  <testcase classname="com.semantalytics.stardog.kibble.string.TestJoin" name="testEmptyString" time="0.003"/>
  <testcase classname="com.semantalytics.stardog.kibble.string.TestJoinWith" name="testWrongTypeFirstArg" time="0.005"/>
  <testcase classname="com.semantalytics.stardog.kibble.string.TestJoinWith" name="testThreeArgs" time="0.002"/>
  <testcase classname="com.semantalytics.stardog.kibble.string.TestJoinWith" name="testWrongTypeSecondArg" time="0.003"/>
  <testcase classname="com.semantalytics.stardog.kibble.string.TestJoinWith" name="testTooFewArgs" time="0.003"/>
  <testcase classname="com.semantalytics.stardog.kibble.string.TestJoinWith" name="testEmptyString" time="0.002"/>
  <testcase classname="com.semantalytics.stardog.kibble.string.TestLastIndexOf" name="testThreeArg" time="0.005"/>
  <testcase classname="com.semantalytics.stardog.kibble.string.TestLastIndexOf" name="testWrongTypeFirstArg" time="0.002"/>
  <testcase classname="com.semantalytics.stardog.kibble.string.TestLastIndexOf" name="testTooManyArgs" time="0.002"/>
  <testcase classname="com.semantalytics.stardog.kibble.string.TestLastIndexOf" name="testWrongTypeSecondArg" time="0.002"/>
  <testcase classname="com.semantalytics.stardog.kibble.string.TestLastIndexOf" name="testWrongTypeThirdArg" time="0.003"/>
  <testcase classname="com.semantalytics.stardog.kibble.string.TestLastIndexOf" name="testTooFewArgs" time="0.002"/>
  <testcase classname="com.semantalytics.stardog.kibble.string.TestLastIndexOf" name="testTwoArg" time="0.003"/>
  <testcase classname="com.semantalytics.stardog.kibble.string.TestLastIndexOfAny" name="testWrongTypeFirstArg" time="0.004"/>
  <testcase classname="com.semantalytics.stardog.kibble.string.TestLastIndexOfAny" name="testWrongTypeSecondArg" time="0.003"/>
  <testcase classname="com.semantalytics.stardog.kibble.string.TestLastIndexOfAny" name="testTooFewArgs" time="0.003"/>
  <testcase classname="com.semantalytics.stardog.kibble.string.TestLastIndexOfAny" name="testEmptyString" time="0.004"/>
  <testcase classname="com.semantalytics.stardog.kibble.string.TestLastIndexOfAny" name="testTwoArg" time="0.002"/>
  <testcase classname="com.semantalytics.stardog.kibble.string.TestLastIndexOfIgnoreCase" name="testThreeArg" time="0.004"/>
  <testcase classname="com.semantalytics.stardog.kibble.string.TestLastIndexOfIgnoreCase" name="testWrongTypeFirstArg" time="0.002"/>
  <testcase classname="com.semantalytics.stardog.kibble.string.TestLastIndexOfIgnoreCase" name="testTooManyArgs" time="0.003"/>
  <testcase classname="com.semantalytics.stardog.kibble.string.TestLastIndexOfIgnoreCase" name="testWrongTypeSecondArg" time="0.002"/>
  <testcase classname="com.semantalytics.stardog.kibble.string.TestLastIndexOfIgnoreCase" name="testWrongTypeThirdArg" time="0.002"/>
  <testcase classname="com.semantalytics.stardog.kibble.string.TestLastIndexOfIgnoreCase" name="testTooFewArgs" time="0.002"/>
  <testcase classname="com.semantalytics.stardog.kibble.string.TestLastIndexOfIgnoreCase" name="testEmptyString" time="0.002"/>
  <testcase classname="com.semantalytics.stardog.kibble.string.TestLastIndexOfIgnoreCase" name="testTwoArg" time="0.002"/>
  <testcase classname="com.semantalytics.stardog.kibble.string.TestLastOrdinalIndexOf" name="testThreeArg" time="0.004"/>
  <testcase classname="com.semantalytics.stardog.kibble.string.TestLastOrdinalIndexOf" name="testWrongTypeFirstArg" time="0.002"/>
  <testcase classname="com.semantalytics.stardog.kibble.string.TestLastOrdinalIndexOf" name="testTooManyArgs" time="0.002"/>
  <testcase classname="com.semantalytics.stardog.kibble.string.TestLastOrdinalIndexOf" name="testWrongTypeSecondArg" time="0.002"/>
  <testcase classname="com.semantalytics.stardog.kibble.string.TestLastOrdinalIndexOf" name="testWrongTypeThirdArg" time="0.001"/>
  <testcase classname="com.semantalytics.stardog.kibble.string.TestLastOrdinalIndexOf" name="testLengthTooShort" time="0.003"/>
  <testcase classname="com.semantalytics.stardog.kibble.string.TestLastOrdinalIndexOf" name="testTooFewArgs" time="0.001"/>
  <testcase classname="com.semantalytics.stardog.kibble.string.TestLastOrdinalIndexOf" name="testEmptyString" time="0.002"/>
  <testcase classname="com.semantalytics.stardog.kibble.string.TestLeft" name="testWrongTypeFirstArg" time="0.005"/>
  <testcase classname="com.semantalytics.stardog.kibble.string.TestLeft" name="testTooManyArgs" time="0.003"/>
  <testcase classname="com.semantalytics.stardog.kibble.string.TestLeft" name="testWrongTypeSecondArg" time="0.003"/>
  <testcase classname="com.semantalytics.stardog.kibble.string.TestLeft" name="testTooFewArgs" time="0.002"/>
  <testcase classname="com.semantalytics.stardog.kibble.string.TestLeft" name="testEmptyString" time="0.002"/>
  <testcase classname="com.semantalytics.stardog.kibble.string.TestLeft" name="testTwoArg" time="0.002"/>
  <testcase classname="com.semantalytics.stardog.kibble.string.TestLeftPad" name="testThreeArg" time="0.004"/>
  <testcase classname="com.semantalytics.stardog.kibble.string.TestLeftPad" name="testWrongTypeFirstArg" time="0.002"/>
  <testcase classname="com.semantalytics.stardog.kibble.string.TestLeftPad" name="testTooManyArgs" time="0.002"/>
  <testcase classname="com.semantalytics.stardog.kibble.string.TestLeftPad" name="testWrongTypeSecondArg" time="0.002"/>
  <testcase classname="com.semantalytics.stardog.kibble.string.TestLeftPad" name="testWrongTypeThirdArg" time="0.002"/>
  <testcase classname="com.semantalytics.stardog.kibble.string.TestLeftPad" name="testTooFewArgs" time="0.002"/>
  <testcase classname="com.semantalytics.stardog.kibble.string.TestLeftPad" name="testEmptyString" time="0.002"/>
  <testcase classname="com.semantalytics.stardog.kibble.string.TestLeftPad" name="testTwoArg" time="0.002"/>
  <testcase classname="com.semantalytics.stardog.kibble.string.TestLength" name="testWrongTypeFirstArg" time="0.005"/>
  <testcase classname="com.semantalytics.stardog.kibble.string.TestLength" name="testTooManyArgs" time="0.003"/>
  <testcase classname="com.semantalytics.stardog.kibble.string.TestLength" name="testAbbreviateMiddle" time="0.003"/>
  <testcase classname="com.semantalytics.stardog.kibble.string.TestLength" name="testTooFewArgs" time="0.004"/>
  <testcase classname="com.semantalytics.stardog.kibble.string.TestLength" name="testEmptyString" time="0.002"/>
  <testcase classname="com.semantalytics.stardog.kibble.string.TestLowerCase" name="testWrongTypeFirstArg" time="0.005"/>
  <testcase classname="com.semantalytics.stardog.kibble.string.TestLowerCase" name="testTooManyArgs" time="0.003"/>
  <testcase classname="com.semantalytics.stardog.kibble.string.TestLowerCase" name="test" time="0.003"/>
  <testcase classname="com.semantalytics.stardog.kibble.string.TestLowerCase" name="testTooFewArgs" time="0.004"/>
  <testcase classname="com.semantalytics.stardog.kibble.string.TestLowerCase" name="testEmptyString" time="0.003"/>
  <testcase classname="com.semantalytics.stardog.kibble.string.TestMid" name="testWrongTypeFirstArg" time="0.005"/>
  <testcase classname="com.semantalytics.stardog.kibble.string.TestMid" name="testTooManyArgs" time="0.004"/>
  <testcase classname="com.semantalytics.stardog.kibble.string.TestMid" name="testAbbreviateMiddle" time="0.004"/>
  <testcase classname="com.semantalytics.stardog.kibble.string.TestMid" name="testWrongTypeSecondArg" time="0.003"/>
  <testcase classname="com.semantalytics.stardog.kibble.string.TestMid" name="testWrongTypeThirdArg" time="0.003"/>
  <testcase classname="com.semantalytics.stardog.kibble.string.TestMid" name="testTooFewArgs" time="0.004"/>
  <testcase classname="com.semantalytics.stardog.kibble.string.TestMid" name="testEmptyString" time="0.003"/>
  <testcase classname="com.semantalytics.stardog.kibble.string.TestNormalizeSpace" name="testWrongTypeFirstArg" time="0.004"/>
  <testcase classname="com.semantalytics.stardog.kibble.string.TestNormalizeSpace" name="testTooManyArgs" time="0.002"/>
  <testcase classname="com.semantalytics.stardog.kibble.string.TestNormalizeSpace" name="test" time="0.002"/>
  <testcase classname="com.semantalytics.stardog.kibble.string.TestNormalizeSpace" name="testTooFewArgs" time="0.002"/>
  <testcase classname="com.semantalytics.stardog.kibble.string.TestNormalizeSpace" name="testEmptyString" time="0.002"/>
  <testcase classname="com.semantalytics.stardog.kibble.string.TestOrdinalIndexOf" name="testThreeArg" time="0.004"/>
  <testcase classname="com.semantalytics.stardog.kibble.string.TestOrdinalIndexOf" name="testWrongTypeFirstArg" time="0.002"/>
  <testcase classname="com.semantalytics.stardog.kibble.string.TestOrdinalIndexOf" name="testTooManyArgs" time="0.002"/>
  <testcase classname="com.semantalytics.stardog.kibble.string.TestOrdinalIndexOf" name="testWrongTypeSecondArg" time="0.002"/>
  <testcase classname="com.semantalytics.stardog.kibble.string.TestOrdinalIndexOf" name="testTooFewArgs" time="0.002"/>
  <testcase classname="com.semantalytics.stardog.kibble.string.TestOrdinalIndexOf" name="testEmptyString" time="0.002"/>
  <testcase classname="com.semantalytics.stardog.kibble.string.TestOverlay" name="testWrongTypeFirstArg" time="0.005"/>
  <testcase classname="com.semantalytics.stardog.kibble.string.TestOverlay" name="testTooManyArgs" time="0.002"/>
  <testcase classname="com.semantalytics.stardog.kibble.string.TestOverlay" name="testWrongTypeSecondArg" time="0.003"/>
  <testcase classname="com.semantalytics.stardog.kibble.string.TestOverlay" name="overlayMiddle" time="0.002"/>
  <testcase classname="com.semantalytics.stardog.kibble.string.TestOverlay" name="testWrongTypeThirdArg" time="0.002"/>
  <testcase classname="com.semantalytics.stardog.kibble.string.TestOverlay" name="testTooFewArgs" time="0.003"/>
  <testcase classname="com.semantalytics.stardog.kibble.string.TestOverlay" name="testWrongTypeFourthArg" time="0.002"/>
  <testcase classname="com.semantalytics.stardog.kibble.string.TestOverlay" name="overlayEmptyString" time="0.002"/>
  <testcase classname="com.semantalytics.stardog.kibble.string.TestPadEnd" name="testWrongTypeFirstArg" time="0.004"/>
  <testcase classname="com.semantalytics.stardog.kibble.string.TestPadEnd" name="testTooManyArgs" time="0.002"/>
  <testcase classname="com.semantalytics.stardog.kibble.string.TestPadEnd" name="testWrongTypeSecondArg" time="0.002"/>
  <testcase classname="com.semantalytics.stardog.kibble.string.TestPadEnd" name="testWrongTypeThirdArg" time="0.001"/>
  <testcase classname="com.semantalytics.stardog.kibble.string.TestPadEnd" name="testTooFewArgs" time="0.003"/>
  <testcase classname="com.semantalytics.stardog.kibble.string.TestPadEnd" name="testEmptyString" time="0.002"/>
  <testcase classname="com.semantalytics.stardog.kibble.string.TestPadEnd" name="testEmptyPad" time="0.001"/>
  <testcase classname="com.semantalytics.stardog.kibble.string.TestPadEnd" name="testThreeArgument" time="0.002"/>
  <testcase classname="com.semantalytics.stardog.kibble.string.TestPadStart" name="testWrongTypeFirstArg" time="0.004"/>
  <testcase classname="com.semantalytics.stardog.kibble.string.TestPadStart" name="testTooManyArgs" time="0.002"/>
  <testcase classname="com.semantalytics.stardog.kibble.string.TestPadStart" name="testWrongTypeSecondArg" time="0.002"/>
  <testcase classname="com.semantalytics.stardog.kibble.string.TestPadStart" name="testWrongTypeThirdArg" time="0.002"/>
  <testcase classname="com.semantalytics.stardog.kibble.string.TestPadStart" name="test" time="0.002"/>
  <testcase classname="com.semantalytics.stardog.kibble.string.TestPadStart" name="testTooFewArgs" time="0.002"/>
  <testcase classname="com.semantalytics.stardog.kibble.string.TestPadStart" name="testEmptyString" time="0.002"/>
  <testcase classname="com.semantalytics.stardog.kibble.string.TestPadStart" name="testMultiCharThirdArg" time="0.003"/>
  <testcase classname="com.semantalytics.stardog.kibble.string.TestPrependIfMissing" name="testThreeArg" time="0.005"/>
  <testcase classname="com.semantalytics.stardog.kibble.string.TestPrependIfMissing" name="testWrongTypeFirstArg" time="0.002"/>
  <testcase classname="com.semantalytics.stardog.kibble.string.TestPrependIfMissing" name="testWrongTypeSecondArg" time="0.002"/>
  <testcase classname="com.semantalytics.stardog.kibble.string.TestPrependIfMissing" name="testTooFewArgs" time="0.002"/>
  <testcase classname="com.semantalytics.stardog.kibble.string.TestPrependIfMissing" name="testEmptyString" time="0.002"/>
  <testcase classname="com.semantalytics.stardog.kibble.string.TestPrependIfMissing" name="testTwoArg" time="0.003"/>
  <testcase classname="com.semantalytics.stardog.kibble.string.TestPrependIfMissingIgnoreCase" name="testWrongTypeFirstArg" time="0.005"/>
  <testcase classname="com.semantalytics.stardog.kibble.string.TestPrependIfMissingIgnoreCase" name="testWrongTypeSecondArg" time="0.003"/>
  <testcase classname="com.semantalytics.stardog.kibble.string.TestPrependIfMissingIgnoreCase" name="test" time="0.005"/>
  <testcase classname="com.semantalytics.stardog.kibble.string.TestPrependIfMissingIgnoreCase" name="testTooFewArgs" time="0.003"/>
  <testcase classname="com.semantalytics.stardog.kibble.string.TestPrependIfMissingIgnoreCase" name="testEmptyString" time="0.003"/>
  <testcase classname="com.semantalytics.stardog.kibble.string.TestRemove" name="testWrongTypeFirstArg" time="0.005"/>
  <testcase classname="com.semantalytics.stardog.kibble.string.TestRemove" name="testTooManyArgs" time="0.003"/>
  <testcase classname="com.semantalytics.stardog.kibble.string.TestRemove" name="testWrongTypeSecondArg" time="0.002"/>
  <testcase classname="com.semantalytics.stardog.kibble.string.TestRemove" name="testTooFewArgs" time="0.002"/>
  <testcase classname="com.semantalytics.stardog.kibble.string.TestRemove" name="testEmptyString" time="0.003"/>
  <testcase classname="com.semantalytics.stardog.kibble.string.TestRemove" name="testTwoArg" time="0.003"/>
  <testcase classname="com.semantalytics.stardog.kibble.string.TestRemoveAll" name="testWrongTypeFirstArg" time="0.004"/>
  <testcase classname="com.semantalytics.stardog.kibble.string.TestRemoveAll" name="testTooManyArgs" time="0.002"/>
  <testcase classname="com.semantalytics.stardog.kibble.string.TestRemoveAll" name="testWrongTypeSecondArg" time="0.002"/>
  <testcase classname="com.semantalytics.stardog.kibble.string.TestRemoveAll" name="test" time="0.003"/>
  <testcase classname="com.semantalytics.stardog.kibble.string.TestRemoveAll" name="testTooFewArgs" time="0.002"/>
  <testcase classname="com.semantalytics.stardog.kibble.string.TestRemoveAll" name="testEmptyString" time="0.002"/>
  <testcase classname="com.semantalytics.stardog.kibble.string.TestRemoveEnd" name="testWrongTypeFirstArg" time="0.009"/>
  <testcase classname="com.semantalytics.stardog.kibble.string.TestRemoveEnd" name="testTooManyArgs" time="0.004"/>
  <testcase classname="com.semantalytics.stardog.kibble.string.TestRemoveEnd" name="testWrongTypeSecondArg" time="0.004"/>
  <testcase classname="com.semantalytics.stardog.kibble.string.TestRemoveEnd" name="test" time="0.003"/>
  <testcase classname="com.semantalytics.stardog.kibble.string.TestRemoveEnd" name="testTooFewArgs" time="0.003"/>
  <testcase classname="com.semantalytics.stardog.kibble.string.TestRemoveEnd" name="testEmptyString" time="0.004"/>
  <testcase classname="com.semantalytics.stardog.kibble.string.TestRemoveEndIgnoreCase" name="testWrongTypeFirstArg" time="0.005"/>
  <testcase classname="com.semantalytics.stardog.kibble.string.TestRemoveEndIgnoreCase" name="testTooManyArgs" time="0.002"/>
  <testcase classname="com.semantalytics.stardog.kibble.string.TestRemoveEndIgnoreCase" name="testWrongTypeSecondArg" time="0.002"/>
  <testcase classname="com.semantalytics.stardog.kibble.string.TestRemoveEndIgnoreCase" name="test" time="0.002"/>
  <testcase classname="com.semantalytics.stardog.kibble.string.TestRemoveEndIgnoreCase" name="testTooFewArgs" time="0.002"/>
  <testcase classname="com.semantalytics.stardog.kibble.string.TestRemoveEndIgnoreCase" name="testEmptyString" time="0.003"/>
  <testcase classname="com.semantalytics.stardog.kibble.string.TestRemoveFirst" name="testWrongTypeFirstArg" time="0.005"/>
  <testcase classname="com.semantalytics.stardog.kibble.string.TestRemoveFirst" name="testTooManyArgs" time="0.002"/>
  <testcase classname="com.semantalytics.stardog.kibble.string.TestRemoveFirst" name="testWrongTypeSecondArg" time="0.002"/>
  <testcase classname="com.semantalytics.stardog.kibble.string.TestRemoveFirst" name="test" time="0.002"/>
  <testcase classname="com.semantalytics.stardog.kibble.string.TestRemoveFirst" name="testTooFewArgs" time="0.003"/>
  <testcase classname="com.semantalytics.stardog.kibble.string.TestRemoveFirst" name="testEmptyString" time="0.001"/>
  <testcase classname="com.semantalytics.stardog.kibble.string.TestRemoveIgnoreCase" name="testWrongTypeFirstArg" time="0.005"/>
  <testcase classname="com.semantalytics.stardog.kibble.string.TestRemoveIgnoreCase" name="testTooManyArgs" time="0.002"/>
  <testcase classname="com.semantalytics.stardog.kibble.string.TestRemoveIgnoreCase" name="testAbbreviateMiddle" time="0.006"/>
  <testcase classname="com.semantalytics.stardog.kibble.string.TestRemoveIgnoreCase" name="testWrongTypeSecondArg" time="0.002"/>
  <testcase classname="com.semantalytics.stardog.kibble.string.TestRemoveIgnoreCase" name="testTooFewArgs" time="0.003"/>
  <testcase classname="com.semantalytics.stardog.kibble.string.TestRemoveIgnoreCase" name="testEmptyString" time="0.002"/>
  <testcase classname="com.semantalytics.stardog.kibble.string.TestRemovePattern" name="testWrongTypeFirstArg" time="0.005"/>
  <testcase classname="com.semantalytics.stardog.kibble.string.TestRemovePattern" name="testWrongTypeSecondArg" time="0.002"/>
  <testcase classname="com.semantalytics.stardog.kibble.string.TestRemovePattern" name="test" time="0.002"/>
  <testcase classname="com.semantalytics.stardog.kibble.string.TestRemovePattern" name="testTooFewArgs" time="0.002"/>
  <testcase classname="com.semantalytics.stardog.kibble.string.TestRemovePattern" name="testEmptyString" time="0.003"/>
  <testcase classname="com.semantalytics.stardog.kibble.string.TestRemoveStart" name="testWrongTypeFirstArg" time="0.005"/>
  <testcase classname="com.semantalytics.stardog.kibble.string.TestRemoveStart" name="testTooManyArgs" time="0.002"/>
  <testcase classname="com.semantalytics.stardog.kibble.string.TestRemoveStart" name="testWrongTypeSecondArg" time="0.003"/>
  <testcase classname="com.semantalytics.stardog.kibble.string.TestRemoveStart" name="test" time="0.002"/>
  <testcase classname="com.semantalytics.stardog.kibble.string.TestRemoveStart" name="testLengthTooShort" time="0.002"/>
  <testcase classname="com.semantalytics.stardog.kibble.string.TestRemoveStart" name="testTooFewArgs" time="0.002"/>
  <testcase classname="com.semantalytics.stardog.kibble.string.TestRemoveStart" name="testEmptyString" time="0.003"/>
  <testcase classname="com.semantalytics.stardog.kibble.string.TestRemoveStartIgnoreCase" name="testWrongTypeFirstArg" time="0.004"/>
  <testcase classname="com.semantalytics.stardog.kibble.string.TestRemoveStartIgnoreCase" name="testTooManyArgs" time="0.002"/>
  <testcase classname="com.semantalytics.stardog.kibble.string.TestRemoveStartIgnoreCase" name="testWrongTypeSecondArg" time="0.001"/>
  <testcase classname="com.semantalytics.stardog.kibble.string.TestRemoveStartIgnoreCase" name="test" time="0.002"/>
  <testcase classname="com.semantalytics.stardog.kibble.string.TestRemoveStartIgnoreCase" name="testTooFewArgs" time="0.002"/>
  <testcase classname="com.semantalytics.stardog.kibble.string.TestRemoveStartIgnoreCase" name="testEmptyString" time="0.002"/>
  <testcase classname="com.semantalytics.stardog.kibble.string.TestRepeat" name="testWrongTypeFirstArg" time="0.004"/>
  <testcase classname="com.semantalytics.stardog.kibble.string.TestRepeat" name="testTooManyArgs" time="0.001"/>
  <testcase classname="com.semantalytics.stardog.kibble.string.TestRepeat" name="testWrongTypeSecondArg" time="0.002"/>
  <testcase classname="com.semantalytics.stardog.kibble.string.TestRepeat" name="test" time="0.002"/>
  <testcase classname="com.semantalytics.stardog.kibble.string.TestRepeat" name="testTooFewArgs" time="0.002"/>
  <testcase classname="com.semantalytics.stardog.kibble.string.TestRepeat" name="testEmptyString" time="0.001"/>
  <testcase classname="com.semantalytics.stardog.kibble.string.TestReplace" name="testWrongTypeFirstArg" time="0.008"/>
  <testcase classname="com.semantalytics.stardog.kibble.string.TestReplace" name="testTooManyArgs" time="0.002"/>
  <testcase classname="com.semantalytics.stardog.kibble.string.TestReplace" name="testWrongTypeSecondArg" time="0.001"/>
  <testcase classname="com.semantalytics.stardog.kibble.string.TestReplace" name="testWrongTypeThirdArg" time="0.002"/>
  <testcase classname="com.semantalytics.stardog.kibble.string.TestReplace" name="test" time="0.002"/>
  <testcase classname="com.semantalytics.stardog.kibble.string.TestReplace" name="testTooFewArgs" time="0.002"/>
  <testcase classname="com.semantalytics.stardog.kibble.string.TestReplace" name="testEmptyString" time="0.002"/>
  <testcase classname="com.semantalytics.stardog.kibble.string.TestReplaceAll" name="testWrongTypeFirstArg" time="0.004"/>
  <testcase classname="com.semantalytics.stardog.kibble.string.TestReplaceAll" name="testTooManyArgs" time="0.002"/>
  <testcase classname="com.semantalytics.stardog.kibble.string.TestReplaceAll" name="testWrongTypeSecondArg" time="0.002"/>
  <testcase classname="com.semantalytics.stardog.kibble.string.TestReplaceAll" name="testWrongTypeThirdArg" time="0.001"/>
  <testcase classname="com.semantalytics.stardog.kibble.string.TestReplaceAll" name="test" time="0.002"/>
  <testcase classname="com.semantalytics.stardog.kibble.string.TestReplaceAll" name="testTooFewArgs" time="0.002"/>
  <testcase classname="com.semantalytics.stardog.kibble.string.TestReplaceAll" name="testEmptyString" time="0.003"/>
  <testcase classname="com.semantalytics.stardog.kibble.string.TestReplaceChars" name="testWrongTypeFirstArg" time="0.004"/>
  <testcase classname="com.semantalytics.stardog.kibble.string.TestReplaceChars" name="testTooManyArgs" time="0.002"/>
  <testcase classname="com.semantalytics.stardog.kibble.string.TestReplaceChars" name="testWrongTypeSecondArg" time="0.002"/>
  <testcase classname="com.semantalytics.stardog.kibble.string.TestReplaceChars" name="test" time="0.002"/>
  <testcase classname="com.semantalytics.stardog.kibble.string.TestReplaceChars" name="testTooFewArgs" time="0.002"/>
  <testcase classname="com.semantalytics.stardog.kibble.string.TestReplaceChars" name="testEmptyString" time="0.002"/>
  <testcase classname="com.semantalytics.stardog.kibble.string.TestReplaceEach" name="testWrongTypeFirstArg" time="0.004"/>
  <testcase classname="com.semantalytics.stardog.kibble.string.TestReplaceEach" name="testTooManyArgs" time="0.001"/>
  <testcase classname="com.semantalytics.stardog.kibble.string.TestReplaceEach" name="testAbbreviateMiddle" time="0.002"/>
  <testcase classname="com.semantalytics.stardog.kibble.string.TestReplaceEach" name="testWrongTypeSecondArg" time="0.002"/>
  <testcase classname="com.semantalytics.stardog.kibble.string.TestReplaceEach" name="testWrongTypeThirdArg" time="0.001"/>
  <testcase classname="com.semantalytics.stardog.kibble.string.TestReplaceEach" name="testTooFewArgs" time="0.002"/>
  <testcase classname="com.semantalytics.stardog.kibble.string.TestReplaceEach" name="testEmptyString" time="0.002"/>
  <testcase classname="com.semantalytics.stardog.kibble.string.TestReplaceEachRepeatedly" name="testWrongTypeFirstArg" time="0.004"/>
  <testcase classname="com.semantalytics.stardog.kibble.string.TestReplaceEachRepeatedly" name="testTooManyArgs" time="0.002"/>
  <testcase classname="com.semantalytics.stardog.kibble.string.TestReplaceEachRepeatedly" name="testWrongTypeSecondArg" time="0.002"/>
  <testcase classname="com.semantalytics.stardog.kibble.string.TestReplaceEachRepeatedly" name="testWrongTypeThirdArg" time="0.002"/>
  <testcase classname="com.semantalytics.stardog.kibble.string.TestReplaceEachRepeatedly" name="test" time="0.002"/>
  <testcase classname="com.semantalytics.stardog.kibble.string.TestReplaceEachRepeatedly" name="testTooFewArgs" time="0.002"/>
  <testcase classname="com.semantalytics.stardog.kibble.string.TestReplaceEachRepeatedly" name="testEmptyString" time="0.002"/>
  <testcase classname="com.semantalytics.stardog.kibble.string.TestReplaceFirst" name="testWrongTypeFirstArg" time="0.004"/>
  <testcase classname="com.semantalytics.stardog.kibble.string.TestReplaceFirst" name="testTooManyArgs" time="0.002"/>
  <testcase classname="com.semantalytics.stardog.kibble.string.TestReplaceFirst" name="testAbbreviateMiddle" time="0.001"/>
  <testcase classname="com.semantalytics.stardog.kibble.string.TestReplaceFirst" name="testWrongTypeSecondArg" time="0.002"/>
  <testcase classname="com.semantalytics.stardog.kibble.string.TestReplaceFirst" name="testWrongTypeThirdArgj" time="0.001"/>
  <testcase classname="com.semantalytics.stardog.kibble.string.TestReplaceFirst" name="testTooFewArgs" time="0.002"/>
  <testcase classname="com.semantalytics.stardog.kibble.string.TestReplaceFirst" name="testEmptyString" time="0.002"/>
  <testcase classname="com.semantalytics.stardog.kibble.string.TestReplaceIgnoreCase" name="testWrongTypeFirstArg" time="0.004"/>
  <testcase classname="com.semantalytics.stardog.kibble.string.TestReplaceIgnoreCase" name="testTooManyArgs" time="0.002"/>
  <testcase classname="com.semantalytics.stardog.kibble.string.TestReplaceIgnoreCase" name="testWrongTypeSecondArg" time="0.002"/>
  <testcase classname="com.semantalytics.stardog.kibble.string.TestReplaceIgnoreCase" name="testWrongTypeThirdArg" time="0.001"/>
  <testcase classname="com.semantalytics.stardog.kibble.string.TestReplaceIgnoreCase" name="test" time="0.002"/>
  <testcase classname="com.semantalytics.stardog.kibble.string.TestReplaceIgnoreCase" name="testTooFewArgs" time="0.002"/>
  <testcase classname="com.semantalytics.stardog.kibble.string.TestReplaceIgnoreCase" name="testEmptyString" time="0.002"/>
  <testcase classname="com.semantalytics.stardog.kibble.string.TestReplaceOnce" name="testWrongTypeFirstArg" time="0.003"/>
  <testcase classname="com.semantalytics.stardog.kibble.string.TestReplaceOnce" name="testTooManyArgs" time="0.002"/>
  <testcase classname="com.semantalytics.stardog.kibble.string.TestReplaceOnce" name="testWrongTypeSecondArg" time="0.002"/>
  <testcase classname="com.semantalytics.stardog.kibble.string.TestReplaceOnce" name="testWrongTypeThirdArg" time="0.001"/>
  <testcase classname="com.semantalytics.stardog.kibble.string.TestReplaceOnce" name="test" time="0.002"/>
  <testcase classname="com.semantalytics.stardog.kibble.string.TestReplaceOnce" name="testTooFewArgs" time="0.002"/>
  <testcase classname="com.semantalytics.stardog.kibble.string.TestReplaceOnce" name="testEmptyString" time="0.002"/>
  <testcase classname="com.semantalytics.stardog.kibble.string.TestReplaceOnceIgnoreCase" name="testWrongTypeFirstArg" time="0.004"/>
  <testcase classname="com.semantalytics.stardog.kibble.string.TestReplaceOnceIgnoreCase" name="testTooManyArgs" time="0.001"/>
  <testcase classname="com.semantalytics.stardog.kibble.string.TestReplaceOnceIgnoreCase" name="testWrongTypeSecondArg" time="0.002"/>
  <testcase classname="com.semantalytics.stardog.kibble.string.TestReplaceOnceIgnoreCase" name="testWrongTypeThirdArg" time="0.002"/>
  <testcase classname="com.semantalytics.stardog.kibble.string.TestReplaceOnceIgnoreCase" name="test" time="0.001"/>
  <testcase classname="com.semantalytics.stardog.kibble.string.TestReplaceOnceIgnoreCase" name="testTooFewArgs" time="0.002"/>
  <testcase classname="com.semantalytics.stardog.kibble.string.TestReplaceOnceIgnoreCase" name="testEmptyString" time="0.001"/>
  <testcase classname="com.semantalytics.stardog.kibble.string.TestReplacePattern" name="testWrongTypeFirstArg" time="0.009"/>
  <testcase classname="com.semantalytics.stardog.kibble.string.TestReplacePattern" name="testTooManyArgs" time="0.002"/>
  <testcase classname="com.semantalytics.stardog.kibble.string.TestReplacePattern" name="testWrongTypeSecondArg" time="0.003"/>
  <testcase classname="com.semantalytics.stardog.kibble.string.TestReplacePattern" name="testWrongTypeThirdArg" time="0.003"/>
  <testcase classname="com.semantalytics.stardog.kibble.string.TestReplacePattern" name="test" time="0.002"/>
  <testcase classname="com.semantalytics.stardog.kibble.string.TestReplacePattern" name="testTooFewArgs" time="0.001"/>
  <testcase classname="com.semantalytics.stardog.kibble.string.TestReplacePattern" name="testEmptyString" time="0.002"/>
  <testcase classname="com.semantalytics.stardog.kibble.string.TestReverse" name="testWrongTypeFirstArg" time="0.004"/>
  <testcase classname="com.semantalytics.stardog.kibble.string.TestReverse" name="testTooManyArgs" time="0.002"/>
  <testcase classname="com.semantalytics.stardog.kibble.string.TestReverse" name="test" time="0.001"/>
  <testcase classname="com.semantalytics.stardog.kibble.string.TestReverse" name="testTooFewArgs" time="0.002"/>
  <testcase classname="com.semantalytics.stardog.kibble.string.TestReverse" name="testEmptyString" time="0.001"/>
  <testcase classname="com.semantalytics.stardog.kibble.string.TestReverseDelimited" name="testWrongTypeFirstArg" time="0.004"/>
  <testcase classname="com.semantalytics.stardog.kibble.string.TestReverseDelimited" name="testTooManyArgs" time="0.001"/>
  <testcase classname="com.semantalytics.stardog.kibble.string.TestReverseDelimited" name="testWrongTypeSecondArg" time="0.001"/>
  <testcase classname="com.semantalytics.stardog.kibble.string.TestReverseDelimited" name="test" time="0.002"/>
  <testcase classname="com.semantalytics.stardog.kibble.string.TestReverseDelimited" name="testTooFewArgs" time="0.002"/>
  <testcase classname="com.semantalytics.stardog.kibble.string.TestReverseDelimited" name="testEmptyString" time="0.001"/>
  <testcase classname="com.semantalytics.stardog.kibble.string.TestReverseDelimited" name="testSecondArgNotSingleChar" time="0.002"/>
  <testcase classname="com.semantalytics.stardog.kibble.string.TestRight" name="testWrongTypeFirstArg" time="0.004"/>
  <testcase classname="com.semantalytics.stardog.kibble.string.TestRight" name="testTooManyArgs" time="0.002"/>
  <testcase classname="com.semantalytics.stardog.kibble.string.TestRight" name="testWrongTypeSecondArg" time="0.001"/>
  <testcase classname="com.semantalytics.stardog.kibble.string.TestRight" name="test" time="0.002"/>
  <testcase classname="com.semantalytics.stardog.kibble.string.TestRight" name="testTooFewArgs" time="0.002"/>
  <testcase classname="com.semantalytics.stardog.kibble.string.TestRight" name="testEmptyString" time="0.001"/>
  <testcase classname="com.semantalytics.stardog.kibble.string.TestRightPad" name="testWrongTypeFirstArg" time="0.003"/>
  <testcase classname="com.semantalytics.stardog.kibble.string.TestRightPad" name="testTooManyArgs" time="0.002"/>
  <testcase classname="com.semantalytics.stardog.kibble.string.TestRightPad" name="testWrongTypeSecondArg" time="0.001"/>
  <testcase classname="com.semantalytics.stardog.kibble.string.TestRightPad" name="test" time="0.002"/>
  <testcase classname="com.semantalytics.stardog.kibble.string.TestRightPad" name="testTooFewArgs" time="0.002"/>
  <testcase classname="com.semantalytics.stardog.kibble.string.TestRightPad" name="testEmptyString" time="0.001"/>
  <testcase classname="com.semantalytics.stardog.kibble.string.TestRotate" name="testWrongTypeFirstArg" time="0.003"/>
  <testcase classname="com.semantalytics.stardog.kibble.string.TestRotate" name="testTooManyArgs" time="0.002"/>
  <testcase classname="com.semantalytics.stardog.kibble.string.TestRotate" name="testWrongTypeSecondArg" time="0.001"/>
  <testcase classname="com.semantalytics.stardog.kibble.string.TestRotate" name="test" time="0.002"/>
  <testcase classname="com.semantalytics.stardog.kibble.string.TestRotate" name="testTooFewArgs" time="0.002"/>
  <testcase classname="com.semantalytics.stardog.kibble.string.TestRotate" name="testEmptyString" time="0.001"/>
  <testcase classname="com.semantalytics.stardog.kibble.string.TestSplit" name="testThreeArg" time="0.02"/>
  <testcase classname="com.semantalytics.stardog.kibble.string.TestSplit" name="testWrongTypeFirstArg" time="0.007"/>
  <testcase classname="com.semantalytics.stardog.kibble.string.TestSplit" name="testTooManyArgs" time="0.004"/>
  <testcase classname="com.semantalytics.stardog.kibble.string.TestSplit" name="testWrongTypeSecondArg" time="0.003"/>
  <testcase classname="com.semantalytics.stardog.kibble.string.TestSplit" name="testWrongTypeThirdArg" time="0.002"/>
  <testcase classname="com.semantalytics.stardog.kibble.string.TestSplit" name="testTooFewArgs" time="0.003"/>
  <testcase classname="com.semantalytics.stardog.kibble.string.TestSplit" name="testEmptyString" time="0.003"/>
  <testcase classname="com.semantalytics.stardog.kibble.string.TestSplit" name="testOneArg" time="0.003"/>
  <testcase classname="com.semantalytics.stardog.kibble.string.TestSplit" name="testTwoArg" time="0.003"/>
  <testcase classname="com.semantalytics.stardog.kibble.string.TestSplitByCharacterType" name="testWrongTypeFirstArg" time="0.005"/>
  <testcase classname="com.semantalytics.stardog.kibble.string.TestSplitByCharacterType" name="testTooManyArgs" time="0.002"/>
  <testcase classname="com.semantalytics.stardog.kibble.string.TestSplitByCharacterType" name="test" time="0.004"/>
  <testcase classname="com.semantalytics.stardog.kibble.string.TestSplitByCharacterType" name="testTooFewArgs" time="0.002"/>
  <testcase classname="com.semantalytics.stardog.kibble.string.TestSplitByCharacterType" name="testEmptyString" time="0.003"/>
  <testcase classname="com.semantalytics.stardog.kibble.string.TestSplitByCharacterTypeCamelCase" name="testWrongTypeFirstArg" time="0.003"/>
  <testcase classname="com.semantalytics.stardog.kibble.string.TestSplitByCharacterTypeCamelCase" name="testTooManyArgs" time="0.001"/>
  <testcase classname="com.semantalytics.stardog.kibble.string.TestSplitByCharacterTypeCamelCase" name="test" time="0.004"/>
  <testcase classname="com.semantalytics.stardog.kibble.string.TestSplitByCharacterTypeCamelCase" name="testTooFewArgs" time="0.002"/>
  <testcase classname="com.semantalytics.stardog.kibble.string.TestSplitByCharacterTypeCamelCase" name="testEmptyString" time="0.002"/>
  <testcase classname="com.semantalytics.stardog.kibble.string.TestSplitByWholeSeparator" name="testThreeArg" time="0.004"/>
  <testcase classname="com.semantalytics.stardog.kibble.string.TestSplitByWholeSeparator" name="testWrongTypeFirstArg" time="0.002"/>
  <testcase classname="com.semantalytics.stardog.kibble.string.TestSplitByWholeSeparator" name="testTooManyArgs" time="0.002"/>
  <testcase classname="com.semantalytics.stardog.kibble.string.TestSplitByWholeSeparator" name="testWrongTypeSecondArg" time="0.001"/>
  <testcase classname="com.semantalytics.stardog.kibble.string.TestSplitByWholeSeparator" name="testTooFewArgs" time="0.002"/>
  <testcase classname="com.semantalytics.stardog.kibble.string.TestSplitByWholeSeparator" name="testEmptyString" time="0.003"/>
  <testcase classname="com.semantalytics.stardog.kibble.string.TestSplitByWholeSeparator" name="testTwoArg" time="0.002"/>
  <testcase classname="com.semantalytics.stardog.kibble.string.TestSplitPreserveAllTokens" name="testThreeArg" time="0.004"/>
  <testcase classname="com.semantalytics.stardog.kibble.string.TestSplitPreserveAllTokens" name="testWrongTypeFirstArg" time="0.002"/>
  <testcase classname="com.semantalytics.stardog.kibble.string.TestSplitPreserveAllTokens" name="testTooManyArgs" time="0.002"/>
  <testcase classname="com.semantalytics.stardog.kibble.string.TestSplitPreserveAllTokens" name="testWrongTypeSecondArg" time="0.002"/>
  <testcase classname="com.semantalytics.stardog.kibble.string.TestSplitPreserveAllTokens" name="testWrongTypeThirdArg" time="0.001"/>
  <testcase classname="com.semantalytics.stardog.kibble.string.TestSplitPreserveAllTokens" name="testTooFewArgs" time="0.002"/>
  <testcase classname="com.semantalytics.stardog.kibble.string.TestSplitPreserveAllTokens" name="testEmptyString" time="0.002"/>
  <testcase classname="com.semantalytics.stardog.kibble.string.TestSplitPreserveAllTokens" name="testOneArg" time="0.002"/>
  <testcase classname="com.semantalytics.stardog.kibble.string.TestSplitPreserveAllTokens" name="testTwoArg" time="0.001"/>
  <testcase classname="com.semantalytics.stardog.kibble.string.TestSplitByWholeSeparatorPreserveAllTokens" name="testThreeArg" time="0.005"/>
  <testcase classname="com.semantalytics.stardog.kibble.string.TestSplitByWholeSeparatorPreserveAllTokens" name="testWrongTypeFirstArg" time="0.002"/>
  <testcase classname="com.semantalytics.stardog.kibble.string.TestSplitByWholeSeparatorPreserveAllTokens" name="testTooManyArgs" time="0.002"/>
  <testcase classname="com.semantalytics.stardog.kibble.string.TestSplitByWholeSeparatorPreserveAllTokens" name="testWrongTypeSecondArg" time="0.001"/>
  <testcase classname="com.semantalytics.stardog.kibble.string.TestSplitByWholeSeparatorPreserveAllTokens" name="testWrongTypeThirdArg" time="0.002"/>
  <testcase classname="com.semantalytics.stardog.kibble.string.TestSplitByWholeSeparatorPreserveAllTokens" name="testTooFewArgs" time="0.002"/>
  <testcase classname="com.semantalytics.stardog.kibble.string.TestSplitByWholeSeparatorPreserveAllTokens" name="testEmptyString" time="0.008"/>
  <testcase classname="com.semantalytics.stardog.kibble.string.TestSplitByWholeSeparatorPreserveAllTokens" name="testTwoArg" time="0.003"/>
  <testcase classname="com.semantalytics.stardog.kibble.string.TestSplitPreserveAllTokens" name="testThreeArg" time="0.003"/>
  <testcase classname="com.semantalytics.stardog.kibble.string.TestSplitPreserveAllTokens" name="testWrongTypeFirstArg" time="0.002"/>
  <testcase classname="com.semantalytics.stardog.kibble.string.TestSplitPreserveAllTokens" name="testTooManyArgs" time="0.001"/>
  <testcase classname="com.semantalytics.stardog.kibble.string.TestSplitPreserveAllTokens" name="testWrongTypeSecondArg" time="0.002"/>
  <testcase classname="com.semantalytics.stardog.kibble.string.TestSplitPreserveAllTokens" name="testWrongTypeThirdArg" time="0.002"/>
  <testcase classname="com.semantalytics.stardog.kibble.string.TestSplitPreserveAllTokens" name="testTooFewArgs" time="0.002"/>
  <testcase classname="com.semantalytics.stardog.kibble.string.TestSplitPreserveAllTokens" name="testEmptyString" time="0.002"/>
  <testcase classname="com.semantalytics.stardog.kibble.string.TestSplitPreserveAllTokens" name="testOneArg" time="0.002"/>
  <testcase classname="com.semantalytics.stardog.kibble.string.TestSplitPreserveAllTokens" name="testTwoArg" time="0.001"/>
  <testcase classname="com.semantalytics.stardog.kibble.string.TestStartsWith" name="testWrongTypeFirstArg" time="0.004"/>
  <testcase classname="com.semantalytics.stardog.kibble.string.TestStartsWith" name="testTooManyArgs" time="0.002"/>
  <testcase classname="com.semantalytics.stardog.kibble.string.TestStartsWith" name="testFalse" time="0.002"/>
  <testcase classname="com.semantalytics.stardog.kibble.string.TestStartsWith" name="testTrue" time="0.002"/>
  <testcase classname="com.semantalytics.stardog.kibble.string.TestStartsWith" name="testWrongTypeSecondArg" time="0.003"/>
  <testcase classname="com.semantalytics.stardog.kibble.string.TestStartsWith" name="testTooFewArgs" time="0.001"/>
  <testcase classname="com.semantalytics.stardog.kibble.string.TestStartsWith" name="testEmptyString" time="0.002"/>
  <testcase classname="com.semantalytics.stardog.kibble.string.TestStartsWithAny" name="testWrongTypeFirstArg" time="0.003"/>
  <testcase classname="com.semantalytics.stardog.kibble.string.TestStartsWithAny" name="testFalse" time="0.003"/>
  <testcase classname="com.semantalytics.stardog.kibble.string.TestStartsWithAny" name="testTrue" time="0.002"/>
  <testcase classname="com.semantalytics.stardog.kibble.string.TestStartsWithAny" name="testWrongTypeSecondArg" time="0.001"/>
  <testcase classname="com.semantalytics.stardog.kibble.string.TestStartsWithAny" name="testTooFewArgs" time="0.002"/>
  <testcase classname="com.semantalytics.stardog.kibble.string.TestStartsWithAny" name="testEmptyString" time="0.002"/>
  <testcase classname="com.semantalytics.stardog.kibble.string.TestStartsWithIgnoreCase" name="testWrongTypeFirstArg" time="0.004"/>
  <testcase classname="com.semantalytics.stardog.kibble.string.TestStartsWithIgnoreCase" name="testTooManyArgs" time="0.001"/>
  <testcase classname="com.semantalytics.stardog.kibble.string.TestStartsWithIgnoreCase" name="testFalse" time="0.002"/>
  <testcase classname="com.semantalytics.stardog.kibble.string.TestStartsWithIgnoreCase" name="testTrue" time="0.002"/>
  <testcase classname="com.semantalytics.stardog.kibble.string.TestStartsWithIgnoreCase" name="testWrongTypeSecondArg" time="0.001"/>
  <testcase classname="com.semantalytics.stardog.kibble.string.TestStartsWithIgnoreCase" name="testTooFewArgs" time="0.002"/>
  <testcase classname="com.semantalytics.stardog.kibble.string.TestStartsWithIgnoreCase" name="testEmptyString" time="0.003"/>
  <testcase classname="com.semantalytics.stardog.kibble.string.TestStrip" name="testWrongTypeFirstArg" time="0.003"/>
  <testcase classname="com.semantalytics.stardog.kibble.string.TestStrip" name="testTooManyArgs" time="0.002"/>
  <testcase classname="com.semantalytics.stardog.kibble.string.TestStrip" name="test" time="0.001"/>
  <testcase classname="com.semantalytics.stardog.kibble.string.TestStrip" name="testTooFewArgs" time="0.002"/>
  <testcase classname="com.semantalytics.stardog.kibble.string.TestStrip" name="testEmptyString" time="0.001"/>
  <testcase classname="com.semantalytics.stardog.kibble.string.TestStripAccents" name="testWrongTypeFirstArg" time="0.003"/>
  <testcase classname="com.semantalytics.stardog.kibble.string.TestStripAccents" name="testTooManyArgs" time="0.002"/>
  <testcase classname="com.semantalytics.stardog.kibble.string.TestStripAccents" name="testTooFewArgs" time="0.002"/>
  <testcase classname="com.semantalytics.stardog.kibble.string.TestStripAccents" name="testOneArgumentWithAccents" time="0.014"/>
  <testcase classname="com.semantalytics.stardog.kibble.string.TestStripAccents" name="testEmptyString" time="0.002"/>
  <testcase classname="com.semantalytics.stardog.kibble.string.TestStripAccents" name="testOneArgumentWithoutAccents" time="0.002"/>
  <testcase classname="com.semantalytics.stardog.kibble.string.TestStripAll" name="testWrongTypeFirstArg" time="0.003"/>
  <testcase classname="com.semantalytics.stardog.kibble.string.TestStripAll" name="testAbbreviateMiddle" time="0.003"/>
  <testcase classname="com.semantalytics.stardog.kibble.string.TestStripAll" name="testWrongTypeSecondArg" time="0.002"/>
  <testcase classname="com.semantalytics.stardog.kibble.string.TestStripAll" name="testTooFewArgs" time="0.001"/>
  <testcase classname="com.semantalytics.stardog.kibble.string.TestStripAll" name="testEmptyString" time="0.002"/>
  <testcase classname="com.semantalytics.stardog.kibble.string.TestStripEnd" name="testWrongTypeFirstArg" time="0.004"/>
  <testcase classname="com.semantalytics.stardog.kibble.string.TestStripEnd" name="testTooManyArgs" time="0.002"/>
  <testcase classname="com.semantalytics.stardog.kibble.string.TestStripEnd" name="testWrongTypeSecondArg" time="0.002"/>
  <testcase classname="com.semantalytics.stardog.kibble.string.TestStripEnd" name="test" time="0.001"/>
  <testcase classname="com.semantalytics.stardog.kibble.string.TestStripEnd" name="testTooFewArgs" time="0.002"/>
  <testcase classname="com.semantalytics.stardog.kibble.string.TestStripEnd" name="testEmptyString" time="0.002"/>
  <testcase classname="com.semantalytics.stardog.kibble.string.TestStripStart" name="testWrongTypeFirstArg" time="0.003"/>
  <testcase classname="com.semantalytics.stardog.kibble.string.TestStripStart" name="testTooManyArgs" time="0.002"/>
  <testcase classname="com.semantalytics.stardog.kibble.string.TestStripStart" name="testWrongTypeSecondArg" time="0.001"/>
  <testcase classname="com.semantalytics.stardog.kibble.string.TestStripStart" name="test" time="0.002"/>
  <testcase classname="com.semantalytics.stardog.kibble.string.TestStripStart" name="testTooFewArgs" time="0.002"/>
  <testcase classname="com.semantalytics.stardog.kibble.string.TestStripStart" name="testEmptyString" time="0.001"/>
  <testcase classname="com.semantalytics.stardog.kibble.string.TestSubstringAfterLast" name="testWrongTypeFirstArg" time="0.003"/>
  <testcase classname="com.semantalytics.stardog.kibble.string.TestSubstringAfterLast" name="testTooManyArgs" time="0.002"/>
  <testcase classname="com.semantalytics.stardog.kibble.string.TestSubstringAfterLast" name="testWrongTypeSecondArg" time="0.001"/>
  <testcase classname="com.semantalytics.stardog.kibble.string.TestSubstringAfterLast" name="test" time="0.002"/>
  <testcase classname="com.semantalytics.stardog.kibble.string.TestSubstringAfterLast" name="testTooFewArgs" time="0.002"/>
  <testcase classname="com.semantalytics.stardog.kibble.string.TestSubstringAfterLast" name="testEmptyString" time="0.001"/>
  <testcase classname="com.semantalytics.stardog.kibble.string.TestSubstring" name="testWrongTypeFirstArg" time="0.004"/>
  <testcase classname="com.semantalytics.stardog.kibble.string.TestSubstring" name="testTooManyArgs" time="0.001"/>
  <testcase classname="com.semantalytics.stardog.kibble.string.TestSubstring" name="testWrongTypeSecondArg" time="0.002"/>
  <testcase classname="com.semantalytics.stardog.kibble.string.TestSubstring" name="test" time="0.001"/>
  <testcase classname="com.semantalytics.stardog.kibble.string.TestSubstring" name="testTooFewArgs" time="0.002"/>
  <testcase classname="com.semantalytics.stardog.kibble.string.TestSubstring" name="testEmptyString" time="0.001"/>
  <testcase classname="com.semantalytics.stardog.kibble.string.TestSubstringAfter" name="testWrongTypeFirstArg" time="0.003"/>
  <testcase classname="com.semantalytics.stardog.kibble.string.TestSubstringAfter" name="testTooManyArgs" time="0.002"/>
  <testcase classname="com.semantalytics.stardog.kibble.string.TestSubstringAfter" name="testWrongTypeSecondArg" time="0.001"/>
  <testcase classname="com.semantalytics.stardog.kibble.string.TestSubstringAfter" name="test" time="0.002"/>
  <testcase classname="com.semantalytics.stardog.kibble.string.TestSubstringAfter" name="testTooFewArgs" time="0.001"/>
  <testcase classname="com.semantalytics.stardog.kibble.string.TestSubstringAfter" name="testEmptyString" time="0.002"/>
  <testcase classname="com.semantalytics.stardog.kibble.string.TestSubstringBefore" name="testWrongTypeFirstArg" time="0.004"/>
  <testcase classname="com.semantalytics.stardog.kibble.string.TestSubstringBefore" name="testTooManyArgs" time="0.002"/>
  <testcase classname="com.semantalytics.stardog.kibble.string.TestSubstringBefore" name="testWrongTypeSecondArg" time="0.001"/>
  <testcase classname="com.semantalytics.stardog.kibble.string.TestSubstringBefore" name="test" time="0.002"/>
  <testcase classname="com.semantalytics.stardog.kibble.string.TestSubstringBefore" name="testTooFewArgs" time="0.002"/>
  <testcase classname="com.semantalytics.stardog.kibble.string.TestSubstringBefore" name="testEmptyString" time="0.002"/>
  <testcase classname="com.semantalytics.stardog.kibble.string.TestSubstringBeforeLast" name="testWrongTypeFirstArg" time="0.004"/>
  <testcase classname="com.semantalytics.stardog.kibble.string.TestSubstringBeforeLast" name="testTooManyArgs" time="0.002"/>
  <testcase classname="com.semantalytics.stardog.kibble.string.TestSubstringBeforeLast" name="testWrongTypeSecondArg" time="0.001"/>
  <testcase classname="com.semantalytics.stardog.kibble.string.TestSubstringBeforeLast" name="test" time="0.002"/>
  <testcase classname="com.semantalytics.stardog.kibble.string.TestSubstringBeforeLast" name="testTooFewArgs" time="0.002"/>
  <testcase classname="com.semantalytics.stardog.kibble.string.TestSubstringBeforeLast" name="testEmptyString" time="0.002"/>
  <testcase classname="com.semantalytics.stardog.kibble.string.TestSubstringBetween" name="testWrongTypeFirstArg" time="0.004"/>
  <testcase classname="com.semantalytics.stardog.kibble.string.TestSubstringBetween" name="testTooManyArgs" time="0.002"/>
  <testcase classname="com.semantalytics.stardog.kibble.string.TestSubstringBetween" name="testAbbreviateMiddle" time="0.002"/>
  <testcase classname="com.semantalytics.stardog.kibble.string.TestSubstringBetween" name="testWrongTypeSecondArg" time="0.001"/>
  <testcase classname="com.semantalytics.stardog.kibble.string.TestSubstringBetween" name="testTooFewArgs" time="0.002"/>
  <testcase classname="com.semantalytics.stardog.kibble.string.TestSubstringBetween" name="testEmptyString" time="0.002"/>
  <testcase classname="com.semantalytics.stardog.kibble.string.TestSwapCase" name="testWrongTypeFirstArg" time="0.003"/>
  <testcase classname="com.semantalytics.stardog.kibble.string.TestSwapCase" name="testTooManyArgs" time="0.002"/>
  <testcase classname="com.semantalytics.stardog.kibble.string.TestSwapCase" name="test" time="0.001"/>
  <testcase classname="com.semantalytics.stardog.kibble.string.TestSwapCase" name="testTooFewArgs" time="0.002"/>
  <testcase classname="com.semantalytics.stardog.kibble.string.TestSwapCase" name="testEmptyString" time="0.001"/>
  <testcase classname="com.semantalytics.stardog.kibble.string.TestTrim" name="testWrongTypeFirstArg" time="0.003"/>
  <testcase classname="com.semantalytics.stardog.kibble.string.TestTrim" name="testTooManyArgs" time="0.002"/>
  <testcase classname="com.semantalytics.stardog.kibble.string.TestTrim" name="testTab" time="0.002"/>
  <testcase classname="com.semantalytics.stardog.kibble.string.TestTrim" name="test" time="0.001"/>
  <testcase classname="com.semantalytics.stardog.kibble.string.TestTrim" name="testTooFewArgs" time="0.002"/>
  <testcase classname="com.semantalytics.stardog.kibble.string.TestTrim" name="testEmptyString" time="0.005"/>
  <testcase classname="com.semantalytics.stardog.kibble.string.TestTruncate" name="testWrongTypeFirstArg" time="0.003"/>
  <testcase classname="com.semantalytics.stardog.kibble.string.TestTruncate" name="testTooManyArgs" time="0.002"/>
  <testcase classname="com.semantalytics.stardog.kibble.string.TestTruncate" name="testAbbreviateMiddle" time="0.002"/>
  <testcase classname="com.semantalytics.stardog.kibble.string.TestTruncate" name="testWrongTypeSecondArg" time="0.001"/>
  <testcase classname="com.semantalytics.stardog.kibble.string.TestTruncate" name="testTooFewArgs" time="0.002"/>
  <testcase classname="com.semantalytics.stardog.kibble.string.TestTruncate" name="testEmptyString" time="0.001"/>
  <testcase classname="com.semantalytics.stardog.kibble.string.TestUncapitalize" name="testWrongTypeFirstArg" time="0.004"/>
  <testcase classname="com.semantalytics.stardog.kibble.string.TestUncapitalize" name="testTooManyArgs" time="0.002"/>
  <testcase classname="com.semantalytics.stardog.kibble.string.TestUncapitalize" name="testWrongTypeSecondArg" time="0.001"/>
  <testcase classname="com.semantalytics.stardog.kibble.string.TestUncapitalize" name="test" time="0.002"/>
  <testcase classname="com.semantalytics.stardog.kibble.string.TestUncapitalize" name="testTooFewArgs" time="0.001"/>
  <testcase classname="com.semantalytics.stardog.kibble.string.TestUncapitalize" name="testEmptyString" time="0.003"/>
  <testcase classname="com.semantalytics.stardog.kibble.string.TestUnwrap" name="testWrongTypeFirstArg" time="0.003"/>
  <testcase classname="com.semantalytics.stardog.kibble.string.TestUnwrap" name="testTooManyArgs" time="0.002"/>
  <testcase classname="com.semantalytics.stardog.kibble.string.TestUnwrap" name="testWrongTypeSecondArg" time="0.002"/>
  <testcase classname="com.semantalytics.stardog.kibble.string.TestUnwrap" name="test" time="0.002"/>
  <testcase classname="com.semantalytics.stardog.kibble.string.TestUnwrap" name="testTooFewArgs" time="0.002"/>
  <testcase classname="com.semantalytics.stardog.kibble.string.TestUnwrap" name="testEmptyString" time="0.001"/>
  <testcase classname="com.semantalytics.stardog.kibble.string.TestUpperCase" name="testWrongTypeFirstArg" time="0.003"/>
  <testcase classname="com.semantalytics.stardog.kibble.string.TestUpperCase" name="testTooManyArgs" time="0.001"/>
  <testcase classname="com.semantalytics.stardog.kibble.string.TestUpperCase" name="test" time="0.002"/>
  <testcase classname="com.semantalytics.stardog.kibble.string.TestUpperCase" name="testTooFewArgs" time="0.002"/>
  <testcase classname="com.semantalytics.stardog.kibble.string.TestUpperCase" name="testEmptyString" time="0.002"/>
  <testcase classname="com.semantalytics.stardog.kibble.string.TestWrap" name="testWrongTypeFirstArg" time="0.003"/>
  <testcase classname="com.semantalytics.stardog.kibble.string.TestWrap" name="testTooManyArgs" time="0.002"/>
  <testcase classname="com.semantalytics.stardog.kibble.string.TestWrap" name="testWrongTypeSecondArg" time="0.002"/>
  <testcase classname="com.semantalytics.stardog.kibble.string.TestWrap" name="testNotWrapped" time="0.002"/>
  <testcase classname="com.semantalytics.stardog.kibble.string.TestWrap" name="testTooFewArgs" time="0.002"/>
  <testcase classname="com.semantalytics.stardog.kibble.string.TestWrap" name="testWrapped" time="0.001"/>
  <testcase classname="com.semantalytics.stardog.kibble.string.TestWrap" name="testMultiCharacterWrap" time="0.002"/>
  <testcase classname="com.semantalytics.stardog.kibble.string.TestWrapIfMissing" name="testWrongTypeFirstArg" time="0.004"/>
  <testcase classname="com.semantalytics.stardog.kibble.string.TestWrapIfMissing" name="testTooManyArgs" time="0.001"/>
  <testcase classname="com.semantalytics.stardog.kibble.string.TestWrapIfMissing" name="testWrongTypeSecondArg" time="0.002"/>
  <testcase classname="com.semantalytics.stardog.kibble.string.TestWrapIfMissing" name="testIfNoWrapping" time="0.002"/>
  <testcase classname="com.semantalytics.stardog.kibble.string.TestWrapIfMissing" name="testTooFewArgs" time="0.002"/>
  <testcase classname="com.semantalytics.stardog.kibble.string.TestWrapIfMissing" name="testIfWrapped" time="0.002"/>
  <testcase classname="com.semantalytics.stardog.kibble.string.TestWrapIfMissing" name="testMoreThanOneWrapChar" time="0.001"/>
  <testcase classname="com.semantalytics.stardog.kibble.string.TestWrapIfMissing" name="testMultiCharacterWrap" time="0.002"/>
</testsuite>